{"/Users/elwynanderson/ZTM_CompleteREACT/crwn-clothing/client/src/App.js": {"path":"/Users/elwynanderson/ZTM_CompleteREACT/crwn-clothing/client/src/App.js","statementMap":{"0":{"start":{"line":18,"column":17},"end":{"line":18,"column":74}},"1":{"start":{"line":18,"column":28},"end":{"line":18,"column":73}},"2":{"start":{"line":19,"column":17},"end":{"line":19,"column":66}},"3":{"start":{"line":19,"column":28},"end":{"line":19,"column":65}},"4":{"start":{"line":20,"column":28},"end":{"line":20,"column":107}},"5":{"start":{"line":20,"column":39},"end":{"line":20,"column":106}},"6":{"start":{"line":21,"column":21},"end":{"line":21,"column":78}},"7":{"start":{"line":21,"column":32},"end":{"line":21,"column":77}},"8":{"start":{"line":23,"column":12},"end":{"line":58,"column":1}},"9":{"start":{"line":24,"column":22},"end":{"line":24,"column":52}},"10":{"start":{"line":25,"column":19},"end":{"line":25,"column":32}},"11":{"start":{"line":27,"column":2},"end":{"line":29,"column":17}},"12":{"start":{"line":28,"column":4},"end":{"line":28,"column":33}},"13":{"start":{"line":31,"column":2},"end":{"line":57,"column":4}},"14":{"start":{"line":45,"column":16},"end":{"line":49,"column":17}}},"fnMap":{"0":{"name":"(anonymous_0)","decl":{"start":{"line":18,"column":22},"end":{"line":18,"column":23}},"loc":{"start":{"line":18,"column":28},"end":{"line":18,"column":73}},"line":18},"1":{"name":"(anonymous_1)","decl":{"start":{"line":19,"column":22},"end":{"line":19,"column":23}},"loc":{"start":{"line":19,"column":28},"end":{"line":19,"column":65}},"line":19},"2":{"name":"(anonymous_2)","decl":{"start":{"line":20,"column":33},"end":{"line":20,"column":34}},"loc":{"start":{"line":20,"column":39},"end":{"line":20,"column":106}},"line":20},"3":{"name":"(anonymous_3)","decl":{"start":{"line":21,"column":26},"end":{"line":21,"column":27}},"loc":{"start":{"line":21,"column":32},"end":{"line":21,"column":77}},"line":21},"4":{"name":"(anonymous_4)","decl":{"start":{"line":23,"column":12},"end":{"line":23,"column":13}},"loc":{"start":{"line":23,"column":18},"end":{"line":58,"column":1}},"line":23},"5":{"name":"(anonymous_5)","decl":{"start":{"line":27,"column":12},"end":{"line":27,"column":13}},"loc":{"start":{"line":27,"column":18},"end":{"line":29,"column":3}},"line":27},"6":{"name":"(anonymous_6)","decl":{"start":{"line":44,"column":22},"end":{"line":44,"column":23}},"loc":{"start":{"line":45,"column":16},"end":{"line":49,"column":17}},"line":45}},"branchMap":{"0":{"loc":{"start":{"line":45,"column":16},"end":{"line":49,"column":17}},"type":"cond-expr","locations":[{"start":{"line":46,"column":18},"end":{"line":46,"column":37}},{"start":{"line":48,"column":18},"end":{"line":48,"column":41}}],"line":45}},"s":{"0":1,"1":0,"2":1,"3":0,"4":1,"5":0,"6":1,"7":0,"8":1,"9":0,"10":0,"11":0,"12":0,"13":0,"14":0},"f":{"0":0,"1":0,"2":0,"3":0,"4":0,"5":0,"6":0},"b":{"0":[0,0]},"_coverageSchema":"1a1c01bbd47fc00a2c39e90264f33305004495a9","hash":"a9293b249eade8851582da2d99832d7167dd79fa"}
,"/Users/elwynanderson/ZTM_CompleteREACT/crwn-clothing/client/src/global.styles.js": {"path":"/Users/elwynanderson/ZTM_CompleteREACT/crwn-clothing/client/src/global.styles.js","statementMap":{"0":{"start":{"line":3,"column":27},"end":{"line":21,"column":1}}},"fnMap":{},"branchMap":{},"s":{"0":1},"f":{},"b":{},"_coverageSchema":"1a1c01bbd47fc00a2c39e90264f33305004495a9","hash":"ad820b81488389ba95ca56993169be05bab4686d"}
,"/Users/elwynanderson/ZTM_CompleteREACT/crwn-clothing/client/src/index.js": {"path":"/Users/elwynanderson/ZTM_CompleteREACT/crwn-clothing/client/src/index.js","statementMap":{"0":{"start":{"line":15,"column":0},"end":{"line":26,"column":2}}},"fnMap":{},"branchMap":{},"s":{"0":0},"f":{},"b":{}}
,"/Users/elwynanderson/ZTM_CompleteREACT/crwn-clothing/client/src/reportWebVitals.js": {"path":"/Users/elwynanderson/ZTM_CompleteREACT/crwn-clothing/client/src/reportWebVitals.js","statementMap":{"0":{"start":{"line":1,"column":24},"end":{"line":11,"column":1}},"1":{"start":{"line":2,"column":2},"end":{"line":10,"column":3}},"2":{"start":{"line":3,"column":4},"end":{"line":9,"column":7}},"3":{"start":{"line":4,"column":6},"end":{"line":4,"column":26}},"4":{"start":{"line":5,"column":6},"end":{"line":5,"column":26}},"5":{"start":{"line":6,"column":6},"end":{"line":6,"column":26}},"6":{"start":{"line":7,"column":6},"end":{"line":7,"column":26}},"7":{"start":{"line":8,"column":6},"end":{"line":8,"column":27}}},"fnMap":{"0":{"name":"(anonymous_0)","decl":{"start":{"line":1,"column":24},"end":{"line":1,"column":25}},"loc":{"start":{"line":1,"column":41},"end":{"line":11,"column":1}},"line":1},"1":{"name":"(anonymous_1)","decl":{"start":{"line":3,"column":30},"end":{"line":3,"column":31}},"loc":{"start":{"line":3,"column":79},"end":{"line":9,"column":5}},"line":3}},"branchMap":{"0":{"loc":{"start":{"line":2,"column":2},"end":{"line":10,"column":3}},"type":"if","locations":[{"start":{"line":2,"column":2},"end":{"line":10,"column":3}},{"start":{},"end":{}}],"line":2},"1":{"loc":{"start":{"line":2,"column":6},"end":{"line":2,"column":52}},"type":"binary-expr","locations":[{"start":{"line":2,"column":6},"end":{"line":2,"column":17}},{"start":{"line":2,"column":21},"end":{"line":2,"column":52}}],"line":2}},"s":{"0":0,"1":0,"2":0,"3":0,"4":0,"5":0,"6":0,"7":0},"f":{"0":0,"1":0},"b":{"0":[0,0],"1":[0,0]}}
,"/Users/elwynanderson/ZTM_CompleteREACT/crwn-clothing/client/src/service-worker.js": {"path":"/Users/elwynanderson/ZTM_CompleteREACT/crwn-clothing/client/src/service-worker.js","statementMap":{"0":{"start":{"line":16,"column":0},"end":{"line":16,"column":15}},"1":{"start":{"line":22,"column":0},"end":{"line":22,"column":37}},"2":{"start":{"line":27,"column":28},"end":{"line":27,"column":58}},"3":{"start":{"line":28,"column":0},"end":{"line":47,"column":2}},"4":{"start":{"line":32,"column":4},"end":{"line":34,"column":5}},"5":{"start":{"line":33,"column":6},"end":{"line":33,"column":19}},"6":{"start":{"line":36,"column":4},"end":{"line":38,"column":5}},"7":{"start":{"line":37,"column":6},"end":{"line":37,"column":19}},"8":{"start":{"line":40,"column":4},"end":{"line":42,"column":5}},"9":{"start":{"line":41,"column":6},"end":{"line":41,"column":19}},"10":{"start":{"line":44,"column":4},"end":{"line":44,"column":16}},"11":{"start":{"line":51,"column":0},"end":{"line":62,"column":2}},"12":{"start":{"line":53,"column":15},"end":{"line":53,"column":83}},"13":{"start":{"line":66,"column":0},"end":{"line":70,"column":3}},"14":{"start":{"line":67,"column":2},"end":{"line":69,"column":3}},"15":{"start":{"line":68,"column":4},"end":{"line":68,"column":23}}},"fnMap":{"0":{"name":"(anonymous_0)","decl":{"start":{"line":30,"column":2},"end":{"line":30,"column":3}},"loc":{"start":{"line":30,"column":24},"end":{"line":45,"column":3}},"line":30},"1":{"name":"(anonymous_1)","decl":{"start":{"line":53,"column":2},"end":{"line":53,"column":3}},"loc":{"start":{"line":53,"column":15},"end":{"line":53,"column":83}},"line":53},"2":{"name":"(anonymous_2)","decl":{"start":{"line":66,"column":33},"end":{"line":66,"column":34}},"loc":{"start":{"line":66,"column":44},"end":{"line":70,"column":1}},"line":66}},"branchMap":{"0":{"loc":{"start":{"line":32,"column":4},"end":{"line":34,"column":5}},"type":"if","locations":[{"start":{"line":32,"column":4},"end":{"line":34,"column":5}},{"start":{},"end":{}}],"line":32},"1":{"loc":{"start":{"line":36,"column":4},"end":{"line":38,"column":5}},"type":"if","locations":[{"start":{"line":36,"column":4},"end":{"line":38,"column":5}},{"start":{},"end":{}}],"line":36},"2":{"loc":{"start":{"line":40,"column":4},"end":{"line":42,"column":5}},"type":"if","locations":[{"start":{"line":40,"column":4},"end":{"line":42,"column":5}},{"start":{},"end":{}}],"line":40},"3":{"loc":{"start":{"line":53,"column":15},"end":{"line":53,"column":83}},"type":"binary-expr","locations":[{"start":{"line":53,"column":15},"end":{"line":53,"column":50}},{"start":{"line":53,"column":54},"end":{"line":53,"column":83}}],"line":53},"4":{"loc":{"start":{"line":67,"column":2},"end":{"line":69,"column":3}},"type":"if","locations":[{"start":{"line":67,"column":2},"end":{"line":69,"column":3}},{"start":{},"end":{}}],"line":67},"5":{"loc":{"start":{"line":67,"column":6},"end":{"line":67,"column":54}},"type":"binary-expr","locations":[{"start":{"line":67,"column":6},"end":{"line":67,"column":16}},{"start":{"line":67,"column":20},"end":{"line":67,"column":54}}],"line":67}},"s":{"0":0,"1":0,"2":0,"3":0,"4":0,"5":0,"6":0,"7":0,"8":0,"9":0,"10":0,"11":0,"12":0,"13":0,"14":0,"15":0},"f":{"0":0,"1":0,"2":0},"b":{"0":[0,0],"1":[0,0],"2":[0,0],"3":[0,0],"4":[0,0],"5":[0,0]}}
,"/Users/elwynanderson/ZTM_CompleteREACT/crwn-clothing/client/src/serviceWorkerRegistration.js": {"path":"/Users/elwynanderson/ZTM_CompleteREACT/crwn-clothing/client/src/serviceWorkerRegistration.js","statementMap":{"0":{"start":{"line":13,"column":20},"end":{"line":19,"column":1}},"1":{"start":{"line":22,"column":2},"end":{"line":52,"column":3}},"2":{"start":{"line":24,"column":22},"end":{"line":24,"column":75}},"3":{"start":{"line":25,"column":4},"end":{"line":30,"column":5}},"4":{"start":{"line":29,"column":6},"end":{"line":29,"column":13}},"5":{"start":{"line":32,"column":4},"end":{"line":51,"column":7}},"6":{"start":{"line":33,"column":20},"end":{"line":33,"column":65}},"7":{"start":{"line":35,"column":6},"end":{"line":50,"column":7}},"8":{"start":{"line":37,"column":8},"end":{"line":37,"column":47}},"9":{"start":{"line":41,"column":8},"end":{"line":46,"column":11}},"10":{"start":{"line":42,"column":10},"end":{"line":45,"column":12}},"11":{"start":{"line":49,"column":8},"end":{"line":49,"column":39}},"12":{"start":{"line":56,"column":2},"end":{"line":96,"column":7}},"13":{"start":{"line":59,"column":6},"end":{"line":92,"column":8}},"14":{"start":{"line":60,"column":33},"end":{"line":60,"column":56}},"15":{"start":{"line":61,"column":8},"end":{"line":63,"column":9}},"16":{"start":{"line":62,"column":10},"end":{"line":62,"column":17}},"17":{"start":{"line":64,"column":8},"end":{"line":91,"column":10}},"18":{"start":{"line":65,"column":10},"end":{"line":90,"column":11}},"19":{"start":{"line":66,"column":12},"end":{"line":89,"column":13}},"20":{"start":{"line":70,"column":14},"end":{"line":73,"column":16}},"21":{"start":{"line":76,"column":14},"end":{"line":78,"column":15}},"22":{"start":{"line":77,"column":16},"end":{"line":77,"column":46}},"23":{"start":{"line":83,"column":14},"end":{"line":83,"column":64}},"24":{"start":{"line":86,"column":14},"end":{"line":88,"column":15}},"25":{"start":{"line":87,"column":16},"end":{"line":87,"column":47}},"26":{"start":{"line":95,"column":6},"end":{"line":95,"column":72}},"27":{"start":{"line":101,"column":2},"end":{"line":124,"column":7}},"28":{"start":{"line":106,"column":26},"end":{"line":106,"column":62}},"29":{"start":{"line":107,"column":6},"end":{"line":120,"column":7}},"30":{"start":{"line":112,"column":8},"end":{"line":116,"column":11}},"31":{"start":{"line":113,"column":10},"end":{"line":115,"column":13}},"32":{"start":{"line":114,"column":12},"end":{"line":114,"column":37}},"33":{"start":{"line":119,"column":8},"end":{"line":119,"column":39}},"34":{"start":{"line":123,"column":6},"end":{"line":123,"column":83}},"35":{"start":{"line":128,"column":2},"end":{"line":136,"column":3}},"36":{"start":{"line":129,"column":4},"end":{"line":135,"column":9}},"37":{"start":{"line":131,"column":8},"end":{"line":131,"column":34}},"38":{"start":{"line":134,"column":8},"end":{"line":134,"column":37}}},"fnMap":{"0":{"name":"register","decl":{"start":{"line":21,"column":16},"end":{"line":21,"column":24}},"loc":{"start":{"line":21,"column":33},"end":{"line":53,"column":1}},"line":21},"1":{"name":"(anonymous_1)","decl":{"start":{"line":32,"column":36},"end":{"line":32,"column":37}},"loc":{"start":{"line":32,"column":42},"end":{"line":51,"column":5}},"line":32},"2":{"name":"(anonymous_2)","decl":{"start":{"line":41,"column":43},"end":{"line":41,"column":44}},"loc":{"start":{"line":41,"column":49},"end":{"line":46,"column":9}},"line":41},"3":{"name":"registerValidSW","decl":{"start":{"line":55,"column":9},"end":{"line":55,"column":24}},"loc":{"start":{"line":55,"column":40},"end":{"line":97,"column":1}},"line":55},"4":{"name":"(anonymous_4)","decl":{"start":{"line":58,"column":10},"end":{"line":58,"column":11}},"loc":{"start":{"line":58,"column":28},"end":{"line":93,"column":5}},"line":58},"5":{"name":"(anonymous_5)","decl":{"start":{"line":59,"column":35},"end":{"line":59,"column":36}},"loc":{"start":{"line":59,"column":41},"end":{"line":92,"column":7}},"line":59},"6":{"name":"(anonymous_6)","decl":{"start":{"line":64,"column":41},"end":{"line":64,"column":42}},"loc":{"start":{"line":64,"column":47},"end":{"line":91,"column":9}},"line":64},"7":{"name":"(anonymous_7)","decl":{"start":{"line":94,"column":11},"end":{"line":94,"column":12}},"loc":{"start":{"line":94,"column":22},"end":{"line":96,"column":5}},"line":94},"8":{"name":"checkValidServiceWorker","decl":{"start":{"line":99,"column":9},"end":{"line":99,"column":32}},"loc":{"start":{"line":99,"column":48},"end":{"line":125,"column":1}},"line":99},"9":{"name":"(anonymous_9)","decl":{"start":{"line":104,"column":10},"end":{"line":104,"column":11}},"loc":{"start":{"line":104,"column":24},"end":{"line":121,"column":5}},"line":104},"10":{"name":"(anonymous_10)","decl":{"start":{"line":112,"column":43},"end":{"line":112,"column":44}},"loc":{"start":{"line":112,"column":61},"end":{"line":116,"column":9}},"line":112},"11":{"name":"(anonymous_11)","decl":{"start":{"line":113,"column":41},"end":{"line":113,"column":42}},"loc":{"start":{"line":113,"column":47},"end":{"line":115,"column":11}},"line":113},"12":{"name":"(anonymous_12)","decl":{"start":{"line":122,"column":11},"end":{"line":122,"column":12}},"loc":{"start":{"line":122,"column":17},"end":{"line":124,"column":5}},"line":122},"13":{"name":"unregister","decl":{"start":{"line":127,"column":16},"end":{"line":127,"column":26}},"loc":{"start":{"line":127,"column":29},"end":{"line":137,"column":1}},"line":127},"14":{"name":"(anonymous_14)","decl":{"start":{"line":130,"column":12},"end":{"line":130,"column":13}},"loc":{"start":{"line":130,"column":30},"end":{"line":132,"column":7}},"line":130},"15":{"name":"(anonymous_15)","decl":{"start":{"line":133,"column":13},"end":{"line":133,"column":14}},"loc":{"start":{"line":133,"column":24},"end":{"line":135,"column":7}},"line":133}},"branchMap":{"0":{"loc":{"start":{"line":14,"column":2},"end":{"line":18,"column":92}},"type":"binary-expr","locations":[{"start":{"line":14,"column":2},"end":{"line":14,"column":42}},{"start":{"line":16,"column":4},"end":{"line":16,"column":40}},{"start":{"line":18,"column":4},"end":{"line":18,"column":92}}],"line":14},"1":{"loc":{"start":{"line":22,"column":2},"end":{"line":52,"column":3}},"type":"if","locations":[{"start":{"line":22,"column":2},"end":{"line":52,"column":3}},{"start":{},"end":{}}],"line":22},"2":{"loc":{"start":{"line":22,"column":6},"end":{"line":22,"column":75}},"type":"binary-expr","locations":[{"start":{"line":22,"column":6},"end":{"line":22,"column":43}},{"start":{"line":22,"column":47},"end":{"line":22,"column":75}}],"line":22},"3":{"loc":{"start":{"line":25,"column":4},"end":{"line":30,"column":5}},"type":"if","locations":[{"start":{"line":25,"column":4},"end":{"line":30,"column":5}},{"start":{},"end":{}}],"line":25},"4":{"loc":{"start":{"line":35,"column":6},"end":{"line":50,"column":7}},"type":"if","locations":[{"start":{"line":35,"column":6},"end":{"line":50,"column":7}},{"start":{"line":47,"column":13},"end":{"line":50,"column":7}}],"line":35},"5":{"loc":{"start":{"line":61,"column":8},"end":{"line":63,"column":9}},"type":"if","locations":[{"start":{"line":61,"column":8},"end":{"line":63,"column":9}},{"start":{},"end":{}}],"line":61},"6":{"loc":{"start":{"line":65,"column":10},"end":{"line":90,"column":11}},"type":"if","locations":[{"start":{"line":65,"column":10},"end":{"line":90,"column":11}},{"start":{},"end":{}}],"line":65},"7":{"loc":{"start":{"line":66,"column":12},"end":{"line":89,"column":13}},"type":"if","locations":[{"start":{"line":66,"column":12},"end":{"line":89,"column":13}},{"start":{"line":79,"column":19},"end":{"line":89,"column":13}}],"line":66},"8":{"loc":{"start":{"line":76,"column":14},"end":{"line":78,"column":15}},"type":"if","locations":[{"start":{"line":76,"column":14},"end":{"line":78,"column":15}},{"start":{},"end":{}}],"line":76},"9":{"loc":{"start":{"line":76,"column":18},"end":{"line":76,"column":43}},"type":"binary-expr","locations":[{"start":{"line":76,"column":18},"end":{"line":76,"column":24}},{"start":{"line":76,"column":28},"end":{"line":76,"column":43}}],"line":76},"10":{"loc":{"start":{"line":86,"column":14},"end":{"line":88,"column":15}},"type":"if","locations":[{"start":{"line":86,"column":14},"end":{"line":88,"column":15}},{"start":{},"end":{}}],"line":86},"11":{"loc":{"start":{"line":86,"column":18},"end":{"line":86,"column":44}},"type":"binary-expr","locations":[{"start":{"line":86,"column":18},"end":{"line":86,"column":24}},{"start":{"line":86,"column":28},"end":{"line":86,"column":44}}],"line":86},"12":{"loc":{"start":{"line":107,"column":6},"end":{"line":120,"column":7}},"type":"if","locations":[{"start":{"line":107,"column":6},"end":{"line":120,"column":7}},{"start":{"line":117,"column":13},"end":{"line":120,"column":7}}],"line":107},"13":{"loc":{"start":{"line":108,"column":8},"end":{"line":109,"column":73}},"type":"binary-expr","locations":[{"start":{"line":108,"column":8},"end":{"line":108,"column":31}},{"start":{"line":109,"column":9},"end":{"line":109,"column":28}},{"start":{"line":109,"column":32},"end":{"line":109,"column":72}}],"line":108},"14":{"loc":{"start":{"line":128,"column":2},"end":{"line":136,"column":3}},"type":"if","locations":[{"start":{"line":128,"column":2},"end":{"line":136,"column":3}},{"start":{},"end":{}}],"line":128}},"s":{"0":0,"1":0,"2":0,"3":0,"4":0,"5":0,"6":0,"7":0,"8":0,"9":0,"10":0,"11":0,"12":0,"13":0,"14":0,"15":0,"16":0,"17":0,"18":0,"19":0,"20":0,"21":0,"22":0,"23":0,"24":0,"25":0,"26":0,"27":0,"28":0,"29":0,"30":0,"31":0,"32":0,"33":0,"34":0,"35":0,"36":0,"37":0,"38":0},"f":{"0":0,"1":0,"2":0,"3":0,"4":0,"5":0,"6":0,"7":0,"8":0,"9":0,"10":0,"11":0,"12":0,"13":0,"14":0,"15":0},"b":{"0":[0,0,0],"1":[0,0],"2":[0,0],"3":[0,0],"4":[0,0],"5":[0,0],"6":[0,0],"7":[0,0],"8":[0,0],"9":[0,0],"10":[0,0],"11":[0,0],"12":[0,0],"13":[0,0,0],"14":[0,0]}}
,"/Users/elwynanderson/ZTM_CompleteREACT/crwn-clothing/client/src/components/cart-dropdown/cart-dropdown.component.jsx": {"path":"/Users/elwynanderson/ZTM_CompleteREACT/crwn-clothing/client/src/components/cart-dropdown/cart-dropdown.component.jsx","statementMap":{"0":{"start":{"line":13,"column":21},"end":{"line":38,"column":2}},"1":{"start":{"line":14,"column":20},"end":{"line":14,"column":48}},"2":{"start":{"line":15,"column":19},"end":{"line":15,"column":32}},"3":{"start":{"line":16,"column":18},"end":{"line":16,"column":30}},"4":{"start":{"line":18,"column":2},"end":{"line":38,"column":1}},"5":{"start":{"line":23,"column":12},"end":{"line":23,"column":58}},"6":{"start":{"line":31,"column":8},"end":{"line":31,"column":34}},"7":{"start":{"line":32,"column":8},"end":{"line":32,"column":37}}},"fnMap":{"0":{"name":"(anonymous_0)","decl":{"start":{"line":13,"column":21},"end":{"line":13,"column":22}},"loc":{"start":{"line":13,"column":27},"end":{"line":38,"column":2}},"line":13},"1":{"name":"(anonymous_1)","decl":{"start":{"line":22,"column":24},"end":{"line":22,"column":25}},"loc":{"start":{"line":23,"column":12},"end":{"line":23,"column":58}},"line":23},"2":{"name":"(anonymous_2)","decl":{"start":{"line":30,"column":17},"end":{"line":30,"column":18}},"loc":{"start":{"line":30,"column":23},"end":{"line":33,"column":7}},"line":30}},"branchMap":{"0":{"loc":{"start":{"line":21,"column":9},"end":{"line":27,"column":9}},"type":"cond-expr","locations":[{"start":{"line":22,"column":10},"end":{"line":24,"column":12}},{"start":{"line":26,"column":10},"end":{"line":26,"column":67}}],"line":21}},"s":{"0":2,"1":0,"2":0,"3":0,"4":0,"5":0,"6":0,"7":0},"f":{"0":0,"1":0,"2":0},"b":{"0":[0,0]},"_coverageSchema":"1a1c01bbd47fc00a2c39e90264f33305004495a9","hash":"6f2201424228b0058f7a17b90829d88907012c33"}
,"/Users/elwynanderson/ZTM_CompleteREACT/crwn-clothing/client/src/components/cart-icon/cart-icon.component.jsx": {"path":"/Users/elwynanderson/ZTM_CompleteREACT/crwn-clothing/client/src/components/cart-icon/cart-icon.component.jsx","statementMap":{"0":{"start":{"line":12,"column":17},"end":{"line":17,"column":1}},"1":{"start":{"line":13,"column":4},"end":{"line":16,"column":10}},"2":{"start":{"line":19,"column":27},"end":{"line":21,"column":2}},"3":{"start":{"line":19,"column":40},"end":{"line":21,"column":1}},"4":{"start":{"line":20,"column":28},"end":{"line":20,"column":56}},"5":{"start":{"line":23,"column":24},"end":{"line":25,"column":4}}},"fnMap":{"0":{"name":"(anonymous_0)","decl":{"start":{"line":12,"column":17},"end":{"line":12,"column":18}},"loc":{"start":{"line":13,"column":4},"end":{"line":16,"column":10}},"line":13},"1":{"name":"(anonymous_1)","decl":{"start":{"line":19,"column":27},"end":{"line":19,"column":28}},"loc":{"start":{"line":19,"column":40},"end":{"line":21,"column":1}},"line":19},"2":{"name":"(anonymous_2)","decl":{"start":{"line":20,"column":22},"end":{"line":20,"column":23}},"loc":{"start":{"line":20,"column":28},"end":{"line":20,"column":56}},"line":20}},"branchMap":{},"s":{"0":2,"1":0,"2":2,"3":0,"4":0,"5":2},"f":{"0":0,"1":0,"2":0},"b":{},"_coverageSchema":"1a1c01bbd47fc00a2c39e90264f33305004495a9","hash":"56ff380993b08ae0f7a26bc4a1b48aaeed9ef37c"}
,"/Users/elwynanderson/ZTM_CompleteREACT/crwn-clothing/client/src/components/cart-item/cart-item.component.jsx": {"path":"/Users/elwynanderson/ZTM_CompleteREACT/crwn-clothing/client/src/components/cart-item/cart-item.component.jsx","statementMap":{"0":{"start":{"line":5,"column":17},"end":{"line":15,"column":1}},"1":{"start":{"line":6,"column":2},"end":{"line":14,"column":8}}},"fnMap":{"0":{"name":"(anonymous_0)","decl":{"start":{"line":5,"column":17},"end":{"line":5,"column":18}},"loc":{"start":{"line":6,"column":2},"end":{"line":14,"column":8}},"line":6}},"branchMap":{},"s":{"0":2,"1":0},"f":{"0":0},"b":{},"_coverageSchema":"1a1c01bbd47fc00a2c39e90264f33305004495a9","hash":"a2dd2d0fb6e6dac00a349b66a6666226f3db019f"}
,"/Users/elwynanderson/ZTM_CompleteREACT/crwn-clothing/client/src/components/checkout-item/checkout-item.component.jsx": {"path":"/Users/elwynanderson/ZTM_CompleteREACT/crwn-clothing/client/src/components/checkout-item/checkout-item.component.jsx","statementMap":{"0":{"start":{"line":9,"column":21},"end":{"line":28,"column":1}},"1":{"start":{"line":10,"column":46},"end":{"line":10,"column":54}},"2":{"start":{"line":11,"column":2},"end":{"line":27,"column":4}},"3":{"start":{"line":18,"column":46},"end":{"line":18,"column":66}},"4":{"start":{"line":20,"column":46},"end":{"line":20,"column":63}},"5":{"start":{"line":23,"column":52},"end":{"line":23,"column":71}},"6":{"start":{"line":30,"column":27},"end":{"line":34,"column":4}},"7":{"start":{"line":30,"column":40},"end":{"line":34,"column":3}},"8":{"start":{"line":31,"column":23},"end":{"line":31,"column":56}},"9":{"start":{"line":32,"column":21},"end":{"line":32,"column":44}},"10":{"start":{"line":33,"column":24},"end":{"line":33,"column":50}}},"fnMap":{"0":{"name":"(anonymous_0)","decl":{"start":{"line":9,"column":21},"end":{"line":9,"column":22}},"loc":{"start":{"line":9,"column":71},"end":{"line":28,"column":1}},"line":9},"1":{"name":"(anonymous_1)","decl":{"start":{"line":18,"column":40},"end":{"line":18,"column":41}},"loc":{"start":{"line":18,"column":46},"end":{"line":18,"column":66}},"line":18},"2":{"name":"(anonymous_2)","decl":{"start":{"line":20,"column":40},"end":{"line":20,"column":41}},"loc":{"start":{"line":20,"column":46},"end":{"line":20,"column":63}},"line":20},"3":{"name":"(anonymous_3)","decl":{"start":{"line":23,"column":46},"end":{"line":23,"column":47}},"loc":{"start":{"line":23,"column":52},"end":{"line":23,"column":71}},"line":23},"4":{"name":"(anonymous_4)","decl":{"start":{"line":30,"column":27},"end":{"line":30,"column":28}},"loc":{"start":{"line":30,"column":40},"end":{"line":34,"column":3}},"line":30},"5":{"name":"(anonymous_5)","decl":{"start":{"line":31,"column":15},"end":{"line":31,"column":16}},"loc":{"start":{"line":31,"column":23},"end":{"line":31,"column":56}},"line":31},"6":{"name":"(anonymous_6)","decl":{"start":{"line":32,"column":13},"end":{"line":32,"column":14}},"loc":{"start":{"line":32,"column":21},"end":{"line":32,"column":44}},"line":32},"7":{"name":"(anonymous_7)","decl":{"start":{"line":33,"column":16},"end":{"line":33,"column":17}},"loc":{"start":{"line":33,"column":24},"end":{"line":33,"column":50}},"line":33}},"branchMap":{},"s":{"0":0,"1":0,"2":0,"3":0,"4":0,"5":0,"6":0,"7":0,"8":0,"9":0,"10":0},"f":{"0":0,"1":0,"2":0,"3":0,"4":0,"5":0,"6":0,"7":0},"b":{}}
,"/Users/elwynanderson/ZTM_CompleteREACT/crwn-clothing/client/src/components/collection-item/collection-item.components.jsx": {"path":"/Users/elwynanderson/ZTM_CompleteREACT/crwn-clothing/client/src/components/collection-item/collection-item.components.jsx","statementMap":{"0":{"start":{"line":9,"column":23},"end":{"line":27,"column":2}},"1":{"start":{"line":10,"column":38},"end":{"line":10,"column":42}},"2":{"start":{"line":11,"column":4},"end":{"line":27,"column":1}},"3":{"start":{"line":23,"column":37},"end":{"line":23,"column":50}},"4":{"start":{"line":29,"column":27},"end":{"line":31,"column":2}},"5":{"start":{"line":29,"column":40},"end":{"line":31,"column":1}},"6":{"start":{"line":30,"column":21},"end":{"line":30,"column":44}}},"fnMap":{"0":{"name":"(anonymous_0)","decl":{"start":{"line":9,"column":23},"end":{"line":9,"column":24}},"loc":{"start":{"line":9,"column":46},"end":{"line":27,"column":2}},"line":9},"1":{"name":"(anonymous_1)","decl":{"start":{"line":23,"column":31},"end":{"line":23,"column":32}},"loc":{"start":{"line":23,"column":37},"end":{"line":23,"column":50}},"line":23},"2":{"name":"(anonymous_2)","decl":{"start":{"line":29,"column":27},"end":{"line":29,"column":28}},"loc":{"start":{"line":29,"column":40},"end":{"line":31,"column":1}},"line":29},"3":{"name":"(anonymous_3)","decl":{"start":{"line":30,"column":13},"end":{"line":30,"column":14}},"loc":{"start":{"line":30,"column":21},"end":{"line":30,"column":44}},"line":30}},"branchMap":{},"s":{"0":0,"1":0,"2":0,"3":0,"4":0,"5":0,"6":0},"f":{"0":0,"1":0,"2":0,"3":0},"b":{}}
,"/Users/elwynanderson/ZTM_CompleteREACT/crwn-clothing/client/src/components/collection-preview/collection-preview.component.jsx": {"path":"/Users/elwynanderson/ZTM_CompleteREACT/crwn-clothing/client/src/components/collection-preview/collection-preview.component.jsx","statementMap":{"0":{"start":{"line":6,"column":26},"end":{"line":17,"column":1}},"1":{"start":{"line":7,"column":4},"end":{"line":16,"column":10}},"2":{"start":{"line":8,"column":45},"end":{"line":8,"column":86}},"3":{"start":{"line":11,"column":39},"end":{"line":11,"column":46}},"4":{"start":{"line":13,"column":16},"end":{"line":13,"column":60}}},"fnMap":{"0":{"name":"(anonymous_0)","decl":{"start":{"line":6,"column":26},"end":{"line":6,"column":27}},"loc":{"start":{"line":7,"column":4},"end":{"line":16,"column":10}},"line":7},"1":{"name":"(anonymous_1)","decl":{"start":{"line":8,"column":39},"end":{"line":8,"column":40}},"loc":{"start":{"line":8,"column":45},"end":{"line":8,"column":86}},"line":8},"2":{"name":"(anonymous_2)","decl":{"start":{"line":11,"column":24},"end":{"line":11,"column":25}},"loc":{"start":{"line":11,"column":39},"end":{"line":11,"column":46}},"line":11},"3":{"name":"(anonymous_3)","decl":{"start":{"line":12,"column":21},"end":{"line":12,"column":22}},"loc":{"start":{"line":13,"column":16},"end":{"line":13,"column":60}},"line":13}},"branchMap":{},"s":{"0":0,"1":0,"2":0,"3":0,"4":0},"f":{"0":0,"1":0,"2":0,"3":0},"b":{}}
,"/Users/elwynanderson/ZTM_CompleteREACT/crwn-clothing/client/src/components/collections-overview/collections-overview.component.jsx": {"path":"/Users/elwynanderson/ZTM_CompleteREACT/crwn-clothing/client/src/components/collections-overview/collections-overview.component.jsx","statementMap":{"0":{"start":{"line":11,"column":28},"end":{"line":19,"column":4}},"1":{"start":{"line":12,"column":4},"end":{"line":19,"column":3}},"2":{"start":{"line":16,"column":8},"end":{"line":16,"column":64}},"3":{"start":{"line":21,"column":24},"end":{"line":23,"column":2}}},"fnMap":{"0":{"name":"(anonymous_0)","decl":{"start":{"line":11,"column":28},"end":{"line":11,"column":29}},"loc":{"start":{"line":11,"column":49},"end":{"line":19,"column":4}},"line":11},"1":{"name":"(anonymous_1)","decl":{"start":{"line":15,"column":23},"end":{"line":15,"column":24}},"loc":{"start":{"line":16,"column":8},"end":{"line":16,"column":64}},"line":16}},"branchMap":{},"s":{"0":0,"1":0,"2":0,"3":0},"f":{"0":0,"1":0},"b":{}}
,"/Users/elwynanderson/ZTM_CompleteREACT/crwn-clothing/client/src/components/collections-overview/collections-overview.container.jsx": {"path":"/Users/elwynanderson/ZTM_CompleteREACT/crwn-clothing/client/src/components/collections-overview/collections-overview.container.jsx","statementMap":{"0":{"start":{"line":9,"column":24},"end":{"line":11,"column":2}},"1":{"start":{"line":13,"column":37},"end":{"line":16,"column":22}}},"fnMap":{},"branchMap":{},"s":{"0":0,"1":0},"f":{},"b":{}}
,"/Users/elwynanderson/ZTM_CompleteREACT/crwn-clothing/client/src/components/custom-button/custom-button.component.jsx": {"path":"/Users/elwynanderson/ZTM_CompleteREACT/crwn-clothing/client/src/components/custom-button/custom-button.component.jsx","statementMap":{"0":{"start":{"line":6,"column":21},"end":{"line":14,"column":1}},"1":{"start":{"line":7,"column":4},"end":{"line":13,"column":13}}},"fnMap":{"0":{"name":"(anonymous_0)","decl":{"start":{"line":6,"column":21},"end":{"line":6,"column":22}},"loc":{"start":{"line":7,"column":4},"end":{"line":13,"column":13}},"line":7}},"branchMap":{"0":{"loc":{"start":{"line":7,"column":26},"end":{"line":7,"column":52}},"type":"cond-expr","locations":[{"start":{"line":7,"column":37},"end":{"line":7,"column":47}},{"start":{"line":7,"column":50},"end":{"line":7,"column":52}}],"line":7},"1":{"loc":{"start":{"line":8,"column":8},"end":{"line":8,"column":46}},"type":"cond-expr","locations":[{"start":{"line":8,"column":25},"end":{"line":8,"column":41}},{"start":{"line":8,"column":44},"end":{"line":8,"column":46}}],"line":8}},"s":{"0":2,"1":0},"f":{"0":0},"b":{"0":[0,0],"1":[0,0]},"_coverageSchema":"1a1c01bbd47fc00a2c39e90264f33305004495a9","hash":"e5dcb4aec4b31c6ea538e1da18c399ff44684676"}
,"/Users/elwynanderson/ZTM_CompleteREACT/crwn-clothing/client/src/components/directory/directory.component.jsx": {"path":"/Users/elwynanderson/ZTM_CompleteREACT/crwn-clothing/client/src/components/directory/directory.component.jsx","statementMap":{"0":{"start":{"line":11,"column":25},"end":{"line":17,"column":1}},"1":{"start":{"line":12,"column":2},"end":{"line":16,"column":8}},"2":{"start":{"line":14,"column":8},"end":{"line":14,"column":52}},"3":{"start":{"line":19,"column":24},"end":{"line":21,"column":2}}},"fnMap":{"0":{"name":"(anonymous_0)","decl":{"start":{"line":11,"column":25},"end":{"line":11,"column":26}},"loc":{"start":{"line":12,"column":2},"end":{"line":16,"column":8}},"line":12},"1":{"name":"(anonymous_1)","decl":{"start":{"line":13,"column":20},"end":{"line":13,"column":21}},"loc":{"start":{"line":14,"column":8},"end":{"line":14,"column":52}},"line":14}},"branchMap":{},"s":{"0":2,"1":1,"2":0,"3":2},"f":{"0":1,"1":0},"b":{},"_coverageSchema":"1a1c01bbd47fc00a2c39e90264f33305004495a9","hash":"0b09c5f001610a9a14e9804ad19f73a0c1ff1df7"}
,"/Users/elwynanderson/ZTM_CompleteREACT/crwn-clothing/client/src/components/error-boundary/error-boundary.component.jsx": {"path":"/Users/elwynanderson/ZTM_CompleteREACT/crwn-clothing/client/src/components/error-boundary/error-boundary.component.jsx","statementMap":{"0":{"start":{"line":7,"column":8},"end":{"line":7,"column":16}},"1":{"start":{"line":9,"column":8},"end":{"line":11,"column":9}},"2":{"start":{"line":16,"column":8},"end":{"line":16,"column":36}},"3":{"start":{"line":20,"column":8},"end":{"line":20,"column":27}},"4":{"start":{"line":24,"column":8},"end":{"line":31,"column":9}},"5":{"start":{"line":25,"column":12},"end":{"line":30,"column":14}},"6":{"start":{"line":33,"column":8},"end":{"line":33,"column":35}}},"fnMap":{"0":{"name":"(anonymous_0)","decl":{"start":{"line":6,"column":4},"end":{"line":6,"column":5}},"loc":{"start":{"line":6,"column":18},"end":{"line":12,"column":5}},"line":6},"1":{"name":"(anonymous_1)","decl":{"start":{"line":14,"column":4},"end":{"line":14,"column":5}},"loc":{"start":{"line":14,"column":43},"end":{"line":17,"column":5}},"line":14},"2":{"name":"(anonymous_2)","decl":{"start":{"line":19,"column":4},"end":{"line":19,"column":5}},"loc":{"start":{"line":19,"column":35},"end":{"line":21,"column":5}},"line":19},"3":{"name":"(anonymous_3)","decl":{"start":{"line":23,"column":4},"end":{"line":23,"column":5}},"loc":{"start":{"line":23,"column":13},"end":{"line":34,"column":5}},"line":23}},"branchMap":{"0":{"loc":{"start":{"line":24,"column":8},"end":{"line":31,"column":9}},"type":"if","locations":[{"start":{"line":24,"column":8},"end":{"line":31,"column":9}},{"start":{},"end":{}}],"line":24}},"s":{"0":0,"1":0,"2":0,"3":0,"4":0,"5":0,"6":0},"f":{"0":0,"1":0,"2":0,"3":0},"b":{"0":[0,0]},"_coverageSchema":"1a1c01bbd47fc00a2c39e90264f33305004495a9","hash":"7ec38f7f5c06e6d41f1238025a4d8000fd822b54"}
,"/Users/elwynanderson/ZTM_CompleteREACT/crwn-clothing/client/src/components/error-boundary/error-boundary.styles.jsx": {"path":"/Users/elwynanderson/ZTM_CompleteREACT/crwn-clothing/client/src/components/error-boundary/error-boundary.styles.jsx","statementMap":{"0":{"start":{"line":3,"column":33},"end":{"line":10,"column":1}},"1":{"start":{"line":12,"column":35},"end":{"line":19,"column":1}},"2":{"start":{"line":14,"column":40},"end":{"line":14,"column":58}},"3":{"start":{"line":21,"column":30},"end":{"line":24,"column":1}}},"fnMap":{"0":{"name":"(anonymous_0)","decl":{"start":{"line":14,"column":22},"end":{"line":14,"column":23}},"loc":{"start":{"line":14,"column":40},"end":{"line":14,"column":58}},"line":14}},"branchMap":{},"s":{"0":1,"1":1,"2":0,"3":1},"f":{"0":0},"b":{},"_coverageSchema":"1a1c01bbd47fc00a2c39e90264f33305004495a9","hash":"4684a88f9fbeb3692eec7b3eacd627ab80951f6b"}
,"/Users/elwynanderson/ZTM_CompleteREACT/crwn-clothing/client/src/components/form-input/form-input.component.jsx": {"path":"/Users/elwynanderson/ZTM_CompleteREACT/crwn-clothing/client/src/components/form-input/form-input.component.jsx","statementMap":{"0":{"start":{"line":5,"column":18},"end":{"line":17,"column":1}},"1":{"start":{"line":6,"column":4},"end":{"line":16,"column":10}}},"fnMap":{"0":{"name":"(anonymous_0)","decl":{"start":{"line":5,"column":18},"end":{"line":5,"column":19}},"loc":{"start":{"line":6,"column":4},"end":{"line":16,"column":10}},"line":6}},"branchMap":{"0":{"loc":{"start":{"line":9,"column":12},"end":{"line":14,"column":25}},"type":"cond-expr","locations":[{"start":{"line":10,"column":13},"end":{"line":13,"column":20}},{"start":{"line":14,"column":21},"end":{"line":14,"column":25}}],"line":9},"1":{"loc":{"start":{"line":10,"column":34},"end":{"line":10,"column":73}},"type":"cond-expr","locations":[{"start":{"line":10,"column":60},"end":{"line":10,"column":68}},{"start":{"line":10,"column":71},"end":{"line":10,"column":73}}],"line":10}},"s":{"0":0,"1":0},"f":{"0":0},"b":{"0":[0,0],"1":[0,0]}}
,"/Users/elwynanderson/ZTM_CompleteREACT/crwn-clothing/client/src/components/header/header.component.jsx": {"path":"/Users/elwynanderson/ZTM_CompleteREACT/crwn-clothing/client/src/components/header/header.component.jsx","statementMap":{"0":{"start":{"line":15,"column":15},"end":{"line":41,"column":1}},"1":{"start":{"line":16,"column":4},"end":{"line":40,"column":22}},"2":{"start":{"line":43,"column":24},"end":{"line":46,"column":4}},"3":{"start":{"line":48,"column":27},"end":{"line":50,"column":2}},"4":{"start":{"line":48,"column":40},"end":{"line":50,"column":1}},"5":{"start":{"line":49,"column":24},"end":{"line":49,"column":48}}},"fnMap":{"0":{"name":"(anonymous_0)","decl":{"start":{"line":15,"column":15},"end":{"line":15,"column":16}},"loc":{"start":{"line":16,"column":4},"end":{"line":40,"column":22}},"line":16},"1":{"name":"(anonymous_1)","decl":{"start":{"line":48,"column":27},"end":{"line":48,"column":28}},"loc":{"start":{"line":48,"column":40},"end":{"line":50,"column":1}},"line":48},"2":{"name":"(anonymous_2)","decl":{"start":{"line":49,"column":18},"end":{"line":49,"column":19}},"loc":{"start":{"line":49,"column":24},"end":{"line":49,"column":48}},"line":49}},"branchMap":{"0":{"loc":{"start":{"line":28,"column":16},"end":{"line":36,"column":13}},"type":"cond-expr","locations":[{"start":{"line":29,"column":16},"end":{"line":31,"column":28}},{"start":{"line":33,"column":16},"end":{"line":35,"column":29}}],"line":28},"1":{"loc":{"start":{"line":39,"column":10},"end":{"line":39,"column":42}},"type":"cond-expr","locations":[{"start":{"line":39,"column":19},"end":{"line":39,"column":23}},{"start":{"line":39,"column":26},"end":{"line":39,"column":42}}],"line":39}},"s":{"0":2,"1":0,"2":2,"3":2,"4":0,"5":0},"f":{"0":0,"1":0,"2":0},"b":{"0":[0,0],"1":[0,0]},"_coverageSchema":"1a1c01bbd47fc00a2c39e90264f33305004495a9","hash":"0b8257eb04ca4e2a5d230e8a8ddca64145a931e6"}
,"/Users/elwynanderson/ZTM_CompleteREACT/crwn-clothing/client/src/components/header/header.styles.jsx": {"path":"/Users/elwynanderson/ZTM_CompleteREACT/crwn-clothing/client/src/components/header/header.styles.jsx","statementMap":{"0":{"start":{"line":4,"column":30},"end":{"line":7,"column":1}},"1":{"start":{"line":9,"column":31},"end":{"line":21,"column":1}},"2":{"start":{"line":23,"column":29},"end":{"line":32,"column":1}},"3":{"start":{"line":34,"column":32},"end":{"line":44,"column":1}},"4":{"start":{"line":46,"column":26},"end":{"line":48,"column":1}},"5":{"start":{"line":50,"column":25},"end":{"line":52,"column":1}}},"fnMap":{},"branchMap":{},"s":{"0":2,"1":2,"2":2,"3":2,"4":2,"5":2},"f":{},"b":{},"_coverageSchema":"1a1c01bbd47fc00a2c39e90264f33305004495a9","hash":"103298602fa3dab4e310e780e715a3698f270f56"}
,"/Users/elwynanderson/ZTM_CompleteREACT/crwn-clothing/client/src/components/menu-item/menu-item.component.jsx": {"path":"/Users/elwynanderson/ZTM_CompleteREACT/crwn-clothing/client/src/components/menu-item/menu-item.component.jsx","statementMap":{"0":{"start":{"line":6,"column":17},"end":{"line":20,"column":1}},"1":{"start":{"line":7,"column":4},"end":{"line":18,"column":10}},"2":{"start":{"line":7,"column":56},"end":{"line":7,"column":94}}},"fnMap":{"0":{"name":"(anonymous_0)","decl":{"start":{"line":6,"column":17},"end":{"line":6,"column":18}},"loc":{"start":{"line":7,"column":4},"end":{"line":18,"column":10}},"line":7},"1":{"name":"(anonymous_1)","decl":{"start":{"line":7,"column":50},"end":{"line":7,"column":51}},"loc":{"start":{"line":7,"column":56},"end":{"line":7,"column":94}},"line":7}},"branchMap":{},"s":{"0":2,"1":0,"2":0},"f":{"0":0,"1":0},"b":{},"_coverageSchema":"1a1c01bbd47fc00a2c39e90264f33305004495a9","hash":"19c6f526299ce54857d21f7aab86c2faf36d44ab"}
,"/Users/elwynanderson/ZTM_CompleteREACT/crwn-clothing/client/src/components/sign-in/sign-in.component.jsx": {"path":"/Users/elwynanderson/ZTM_CompleteREACT/crwn-clothing/client/src/components/sign-in/sign-in.component.jsx","statementMap":{"0":{"start":{"line":13,"column":15},"end":{"line":68,"column":5}},"1":{"start":{"line":14,"column":46},"end":{"line":17,"column":6}},"2":{"start":{"line":19,"column":32},"end":{"line":19,"column":47}},"3":{"start":{"line":21,"column":25},"end":{"line":26,"column":5}},"4":{"start":{"line":22,"column":8},"end":{"line":22,"column":31}},"5":{"start":{"line":25,"column":8},"end":{"line":25,"column":42}},"6":{"start":{"line":30,"column":25},"end":{"line":34,"column":5}},"7":{"start":{"line":31,"column":32},"end":{"line":31,"column":44}},"8":{"start":{"line":33,"column":8},"end":{"line":33,"column":60}},"9":{"start":{"line":36,"column":8},"end":{"line":67,"column":10}},"10":{"start":{"line":70,"column":27},"end":{"line":74,"column":2}},"11":{"start":{"line":70,"column":40},"end":{"line":74,"column":1}},"12":{"start":{"line":71,"column":29},"end":{"line":71,"column":58}},"13":{"start":{"line":73,"column":8},"end":{"line":73,"column":55}}},"fnMap":{"0":{"name":"(anonymous_0)","decl":{"start":{"line":13,"column":15},"end":{"line":13,"column":16}},"loc":{"start":{"line":13,"column":60},"end":{"line":68,"column":5}},"line":13},"1":{"name":"(anonymous_1)","decl":{"start":{"line":21,"column":25},"end":{"line":21,"column":26}},"loc":{"start":{"line":21,"column":40},"end":{"line":26,"column":5}},"line":21},"2":{"name":"(anonymous_2)","decl":{"start":{"line":30,"column":25},"end":{"line":30,"column":26}},"loc":{"start":{"line":30,"column":34},"end":{"line":34,"column":5}},"line":30},"3":{"name":"(anonymous_3)","decl":{"start":{"line":70,"column":27},"end":{"line":70,"column":28}},"loc":{"start":{"line":70,"column":40},"end":{"line":74,"column":1}},"line":70},"4":{"name":"(anonymous_4)","decl":{"start":{"line":71,"column":23},"end":{"line":71,"column":24}},"loc":{"start":{"line":71,"column":29},"end":{"line":71,"column":58}},"line":71},"5":{"name":"(anonymous_5)","decl":{"start":{"line":72,"column":22},"end":{"line":72,"column":23}},"loc":{"start":{"line":73,"column":8},"end":{"line":73,"column":55}},"line":73}},"branchMap":{},"s":{"0":0,"1":0,"2":0,"3":0,"4":0,"5":0,"6":0,"7":0,"8":0,"9":0,"10":0,"11":0,"12":0,"13":0},"f":{"0":0,"1":0,"2":0,"3":0,"4":0,"5":0},"b":{}}
,"/Users/elwynanderson/ZTM_CompleteREACT/crwn-clothing/client/src/components/sign-up/sign-up.component.jsx": {"path":"/Users/elwynanderson/ZTM_CompleteREACT/crwn-clothing/client/src/components/sign-up/sign-up.component.jsx","statementMap":{"0":{"start":{"line":11,"column":15},"end":{"line":83,"column":5}},"1":{"start":{"line":12,"column":50},"end":{"line":17,"column":6}},"2":{"start":{"line":19,"column":62},"end":{"line":19,"column":77}},"3":{"start":{"line":21,"column":25},"end":{"line":32,"column":5}},"4":{"start":{"line":22,"column":8},"end":{"line":22,"column":31}},"5":{"start":{"line":26,"column":8},"end":{"line":29,"column":9}},"6":{"start":{"line":27,"column":12},"end":{"line":27,"column":43}},"7":{"start":{"line":28,"column":12},"end":{"line":28,"column":19}},"8":{"start":{"line":31,"column":8},"end":{"line":31,"column":54}},"9":{"start":{"line":34,"column":24},"end":{"line":39,"column":5}},"10":{"start":{"line":35,"column":32},"end":{"line":35,"column":44}},"11":{"start":{"line":37,"column":8},"end":{"line":37,"column":66}},"12":{"start":{"line":41,"column":8},"end":{"line":82,"column":10}},"13":{"start":{"line":85,"column":27},"end":{"line":87,"column":2}},"14":{"start":{"line":85,"column":40},"end":{"line":87,"column":1}},"15":{"start":{"line":86,"column":36},"end":{"line":86,"column":74}}},"fnMap":{"0":{"name":"(anonymous_0)","decl":{"start":{"line":11,"column":15},"end":{"line":11,"column":16}},"loc":{"start":{"line":11,"column":36},"end":{"line":83,"column":5}},"line":11},"1":{"name":"(anonymous_1)","decl":{"start":{"line":21,"column":25},"end":{"line":21,"column":26}},"loc":{"start":{"line":21,"column":40},"end":{"line":32,"column":5}},"line":21},"2":{"name":"(anonymous_2)","decl":{"start":{"line":34,"column":24},"end":{"line":34,"column":25}},"loc":{"start":{"line":34,"column":33},"end":{"line":39,"column":5}},"line":34},"3":{"name":"(anonymous_3)","decl":{"start":{"line":85,"column":27},"end":{"line":85,"column":28}},"loc":{"start":{"line":85,"column":40},"end":{"line":87,"column":1}},"line":85},"4":{"name":"(anonymous_4)","decl":{"start":{"line":86,"column":17},"end":{"line":86,"column":18}},"loc":{"start":{"line":86,"column":36},"end":{"line":86,"column":74}},"line":86}},"branchMap":{"0":{"loc":{"start":{"line":26,"column":8},"end":{"line":29,"column":9}},"type":"if","locations":[{"start":{"line":26,"column":8},"end":{"line":29,"column":9}},{"start":{},"end":{}}],"line":26}},"s":{"0":0,"1":0,"2":0,"3":0,"4":0,"5":0,"6":0,"7":0,"8":0,"9":0,"10":0,"11":0,"12":0,"13":0,"14":0,"15":0},"f":{"0":0,"1":0,"2":0,"3":0,"4":0},"b":{"0":[0,0]}}
,"/Users/elwynanderson/ZTM_CompleteREACT/crwn-clothing/client/src/components/spinner/spinner.component.jsx": {"path":"/Users/elwynanderson/ZTM_CompleteREACT/crwn-clothing/client/src/components/spinner/spinner.component.jsx","statementMap":{"0":{"start":{"line":5,"column":16},"end":{"line":9,"column":1}},"1":{"start":{"line":6,"column":4},"end":{"line":8,"column":21}}},"fnMap":{"0":{"name":"(anonymous_0)","decl":{"start":{"line":5,"column":16},"end":{"line":5,"column":17}},"loc":{"start":{"line":6,"column":4},"end":{"line":8,"column":21}},"line":6}},"branchMap":{},"s":{"0":1,"1":0},"f":{"0":0},"b":{},"_coverageSchema":"1a1c01bbd47fc00a2c39e90264f33305004495a9","hash":"83ab2959abd2a63c22fe0676b646bd9a64382770"}
,"/Users/elwynanderson/ZTM_CompleteREACT/crwn-clothing/client/src/components/spinner/spinner.styles.js": {"path":"/Users/elwynanderson/ZTM_CompleteREACT/crwn-clothing/client/src/components/spinner/spinner.styles.js","statementMap":{"0":{"start":{"line":3,"column":30},"end":{"line":9,"column":1}},"1":{"start":{"line":11,"column":32},"end":{"line":30,"column":1}}},"fnMap":{},"branchMap":{},"s":{"0":1,"1":1},"f":{},"b":{},"_coverageSchema":"1a1c01bbd47fc00a2c39e90264f33305004495a9","hash":"3f1d451bdec047e9e215b146ac632569f85b781b"}
,"/Users/elwynanderson/ZTM_CompleteREACT/crwn-clothing/client/src/components/stripe-button/stripe-button.component.jsx": {"path":"/Users/elwynanderson/ZTM_CompleteREACT/crwn-clothing/client/src/components/stripe-button/stripe-button.component.jsx","statementMap":{"0":{"start":{"line":5,"column":29},"end":{"line":43,"column":1}},"1":{"start":{"line":6,"column":25},"end":{"line":6,"column":36}},"2":{"start":{"line":7,"column":25},"end":{"line":7,"column":134}},"3":{"start":{"line":9,"column":18},"end":{"line":27,"column":3}},"4":{"start":{"line":10,"column":4},"end":{"line":26,"column":7}},"5":{"start":{"line":19,"column":8},"end":{"line":19,"column":35}},"6":{"start":{"line":22,"column":8},"end":{"line":22,"column":58}},"7":{"start":{"line":23,"column":8},"end":{"line":25,"column":8}},"8":{"start":{"line":29,"column":2},"end":{"line":42,"column":4}}},"fnMap":{"0":{"name":"(anonymous_0)","decl":{"start":{"line":5,"column":29},"end":{"line":5,"column":30}},"loc":{"start":{"line":5,"column":44},"end":{"line":43,"column":1}},"line":5},"1":{"name":"(anonymous_1)","decl":{"start":{"line":9,"column":18},"end":{"line":9,"column":19}},"loc":{"start":{"line":9,"column":27},"end":{"line":27,"column":3}},"line":9},"2":{"name":"(anonymous_2)","decl":{"start":{"line":18,"column":12},"end":{"line":18,"column":13}},"loc":{"start":{"line":18,"column":24},"end":{"line":20,"column":5}},"line":18},"3":{"name":"(anonymous_3)","decl":{"start":{"line":21,"column":13},"end":{"line":21,"column":14}},"loc":{"start":{"line":21,"column":22},"end":{"line":26,"column":5}},"line":21}},"branchMap":{},"s":{"0":0,"1":0,"2":0,"3":0,"4":0,"5":0,"6":0,"7":0,"8":0},"f":{"0":0,"1":0,"2":0,"3":0},"b":{}}
,"/Users/elwynanderson/ZTM_CompleteREACT/crwn-clothing/client/src/components/with-spinner/with-spinner.component.jsx": {"path":"/Users/elwynanderson/ZTM_CompleteREACT/crwn-clothing/client/src/components/with-spinner/with-spinner.component.jsx","statementMap":{"0":{"start":{"line":5,"column":20},"end":{"line":11,"column":5}},"1":{"start":{"line":5,"column":40},"end":{"line":11,"column":5}},"2":{"start":{"line":6,"column":8},"end":{"line":10,"column":10}}},"fnMap":{"0":{"name":"(anonymous_0)","decl":{"start":{"line":5,"column":20},"end":{"line":5,"column":21}},"loc":{"start":{"line":5,"column":40},"end":{"line":11,"column":5}},"line":5},"1":{"name":"(anonymous_1)","decl":{"start":{"line":5,"column":40},"end":{"line":5,"column":41}},"loc":{"start":{"line":5,"column":74},"end":{"line":11,"column":5}},"line":5}},"branchMap":{"0":{"loc":{"start":{"line":6,"column":15},"end":{"line":10,"column":9}},"type":"cond-expr","locations":[{"start":{"line":7,"column":12},"end":{"line":7,"column":23}},{"start":{"line":9,"column":12},"end":{"line":9,"column":48}}],"line":6}},"s":{"0":0,"1":0,"2":0},"f":{"0":0,"1":0},"b":{"0":[0,0]}}
,"/Users/elwynanderson/ZTM_CompleteREACT/crwn-clothing/client/src/components/with-spinner/with-spinner.styles.jsx": {"path":"/Users/elwynanderson/ZTM_CompleteREACT/crwn-clothing/client/src/components/with-spinner/with-spinner.styles.jsx","statementMap":{"0":{"start":{"line":3,"column":30},"end":{"line":9,"column":1}},"1":{"start":{"line":11,"column":32},"end":{"line":30,"column":1}}},"fnMap":{},"branchMap":{},"s":{"0":0,"1":0},"f":{},"b":{}}
,"/Users/elwynanderson/ZTM_CompleteREACT/crwn-clothing/client/src/firebase/firebase.utils.js": {"path":"/Users/elwynanderson/ZTM_CompleteREACT/crwn-clothing/client/src/firebase/firebase.utils.js","statementMap":{"0":{"start":{"line":6,"column":15},"end":{"line":14,"column":3}},"1":{"start":{"line":16,"column":0},"end":{"line":16,"column":31}},"2":{"start":{"line":18,"column":41},"end":{"line":43,"column":1}},"3":{"start":{"line":20,"column":4},"end":{"line":20,"column":26}},"4":{"start":{"line":20,"column":19},"end":{"line":20,"column":26}},"5":{"start":{"line":22,"column":20},"end":{"line":22,"column":58}},"6":{"start":{"line":24,"column":21},"end":{"line":24,"column":40}},"7":{"start":{"line":26,"column":4},"end":{"line":40,"column":5}},"8":{"start":{"line":27,"column":39},"end":{"line":27,"column":47}},"9":{"start":{"line":28,"column":26},"end":{"line":28,"column":36}},"10":{"start":{"line":30,"column":8},"end":{"line":39,"column":9}},"11":{"start":{"line":31,"column":12},"end":{"line":36,"column":14}},"12":{"start":{"line":38,"column":12},"end":{"line":38,"column":62}},"13":{"start":{"line":42,"column":4},"end":{"line":42,"column":19}},"14":{"start":{"line":45,"column":41},"end":{"line":55,"column":1}},"15":{"start":{"line":46,"column":26},"end":{"line":46,"column":61}},"16":{"start":{"line":48,"column":18},"end":{"line":48,"column":35}},"17":{"start":{"line":49,"column":4},"end":{"line":52,"column":6}},"18":{"start":{"line":50,"column":26},"end":{"line":50,"column":45}},"19":{"start":{"line":51,"column":8},"end":{"line":51,"column":34}},"20":{"start":{"line":54,"column":4},"end":{"line":54,"column":32}},"21":{"start":{"line":57,"column":47},"end":{"line":73,"column":1}},"22":{"start":{"line":58,"column":34},"end":{"line":67,"column":6}},"23":{"start":{"line":59,"column":33},"end":{"line":59,"column":43}},"24":{"start":{"line":61,"column":8},"end":{"line":66,"column":10}},"25":{"start":{"line":69,"column":4},"end":{"line":72,"column":12}},"26":{"start":{"line":70,"column":8},"end":{"line":70,"column":65}},"27":{"start":{"line":71,"column":8},"end":{"line":71,"column":27}},"28":{"start":{"line":75,"column":30},"end":{"line":82,"column":1}},"29":{"start":{"line":76,"column":4},"end":{"line":81,"column":7}},"30":{"start":{"line":77,"column":28},"end":{"line":80,"column":18}},"31":{"start":{"line":78,"column":12},"end":{"line":78,"column":26}},"32":{"start":{"line":79,"column":12},"end":{"line":79,"column":30}},"33":{"start":{"line":84,"column":20},"end":{"line":84,"column":35}},"34":{"start":{"line":85,"column":25},"end":{"line":85,"column":45}},"35":{"start":{"line":88,"column":30},"end":{"line":88,"column":68}},"36":{"start":{"line":89,"column":0},"end":{"line":89,"column":65}},"37":{"start":{"line":90,"column":32},"end":{"line":90,"column":74}},"38":{"start":{"line":90,"column":38},"end":{"line":90,"column":74}}},"fnMap":{"0":{"name":"(anonymous_0)","decl":{"start":{"line":18,"column":41},"end":{"line":18,"column":42}},"loc":{"start":{"line":18,"column":77},"end":{"line":43,"column":1}},"line":18},"1":{"name":"(anonymous_1)","decl":{"start":{"line":45,"column":41},"end":{"line":45,"column":42}},"loc":{"start":{"line":45,"column":80},"end":{"line":55,"column":1}},"line":45},"2":{"name":"(anonymous_2)","decl":{"start":{"line":49,"column":25},"end":{"line":49,"column":26}},"loc":{"start":{"line":49,"column":32},"end":{"line":52,"column":5}},"line":49},"3":{"name":"(anonymous_3)","decl":{"start":{"line":57,"column":47},"end":{"line":57,"column":48}},"loc":{"start":{"line":57,"column":64},"end":{"line":73,"column":1}},"line":57},"4":{"name":"(anonymous_4)","decl":{"start":{"line":58,"column":55},"end":{"line":58,"column":56}},"loc":{"start":{"line":58,"column":62},"end":{"line":67,"column":5}},"line":58},"5":{"name":"(anonymous_5)","decl":{"start":{"line":69,"column":40},"end":{"line":69,"column":41}},"loc":{"start":{"line":69,"column":69},"end":{"line":72,"column":5}},"line":69},"6":{"name":"(anonymous_6)","decl":{"start":{"line":75,"column":30},"end":{"line":75,"column":31}},"loc":{"start":{"line":75,"column":36},"end":{"line":82,"column":1}},"line":75},"7":{"name":"(anonymous_7)","decl":{"start":{"line":76,"column":23},"end":{"line":76,"column":24}},"loc":{"start":{"line":76,"column":44},"end":{"line":81,"column":5}},"line":76},"8":{"name":"(anonymous_8)","decl":{"start":{"line":77,"column":52},"end":{"line":77,"column":53}},"loc":{"start":{"line":77,"column":64},"end":{"line":80,"column":9}},"line":77},"9":{"name":"(anonymous_9)","decl":{"start":{"line":90,"column":32},"end":{"line":90,"column":33}},"loc":{"start":{"line":90,"column":38},"end":{"line":90,"column":74}},"line":90}},"branchMap":{"0":{"loc":{"start":{"line":20,"column":4},"end":{"line":20,"column":26}},"type":"if","locations":[{"start":{"line":20,"column":4},"end":{"line":20,"column":26}},{"start":{},"end":{}}],"line":20},"1":{"loc":{"start":{"line":26,"column":4},"end":{"line":40,"column":5}},"type":"if","locations":[{"start":{"line":26,"column":4},"end":{"line":40,"column":5}},{"start":{},"end":{}}],"line":26}},"s":{"0":0,"1":0,"2":0,"3":0,"4":0,"5":0,"6":0,"7":0,"8":0,"9":0,"10":0,"11":0,"12":0,"13":0,"14":0,"15":0,"16":0,"17":0,"18":0,"19":0,"20":0,"21":0,"22":0,"23":0,"24":0,"25":0,"26":0,"27":0,"28":0,"29":0,"30":0,"31":0,"32":0,"33":0,"34":0,"35":0,"36":0,"37":0,"38":0},"f":{"0":0,"1":0,"2":0,"3":0,"4":0,"5":0,"6":0,"7":0,"8":0,"9":0},"b":{"0":[0,0],"1":[0,0]}}
,"/Users/elwynanderson/ZTM_CompleteREACT/crwn-clothing/client/src/pages/checkout/checkout.component.jsx": {"path":"/Users/elwynanderson/ZTM_CompleteREACT/crwn-clothing/client/src/pages/checkout/checkout.component.jsx","statementMap":{"0":{"start":{"line":15,"column":21},"end":{"line":48,"column":1}},"1":{"start":{"line":16,"column":4},"end":{"line":47,"column":10}},"2":{"start":{"line":35,"column":16},"end":{"line":35,"column":70}},"3":{"start":{"line":50,"column":24},"end":{"line":53,"column":4}}},"fnMap":{"0":{"name":"(anonymous_0)","decl":{"start":{"line":15,"column":21},"end":{"line":15,"column":22}},"loc":{"start":{"line":16,"column":4},"end":{"line":47,"column":10}},"line":16},"1":{"name":"(anonymous_1)","decl":{"start":{"line":34,"column":23},"end":{"line":34,"column":24}},"loc":{"start":{"line":35,"column":16},"end":{"line":35,"column":70}},"line":35}},"branchMap":{},"s":{"0":0,"1":0,"2":0,"3":0},"f":{"0":0,"1":0},"b":{}}
,"/Users/elwynanderson/ZTM_CompleteREACT/crwn-clothing/client/src/pages/collection/collection.component.jsx": {"path":"/Users/elwynanderson/ZTM_CompleteREACT/crwn-clothing/client/src/pages/collection/collection.component.jsx","statementMap":{"0":{"start":{"line":10,"column":23},"end":{"line":26,"column":1}},"1":{"start":{"line":11,"column":29},"end":{"line":11,"column":40}},"2":{"start":{"line":12,"column":23},"end":{"line":12,"column":66}},"3":{"start":{"line":14,"column":29},"end":{"line":14,"column":39}},"4":{"start":{"line":16,"column":4},"end":{"line":25,"column":6}},"5":{"start":{"line":21,"column":10},"end":{"line":21,"column":54}}},"fnMap":{"0":{"name":"(anonymous_0)","decl":{"start":{"line":10,"column":23},"end":{"line":10,"column":24}},"loc":{"start":{"line":10,"column":29},"end":{"line":26,"column":1}},"line":10},"1":{"name":"(anonymous_1)","decl":{"start":{"line":20,"column":19},"end":{"line":20,"column":20}},"loc":{"start":{"line":21,"column":10},"end":{"line":21,"column":54}},"line":21}},"branchMap":{},"s":{"0":0,"1":0,"2":0,"3":0,"4":0,"5":0},"f":{"0":0,"1":0},"b":{}}
,"/Users/elwynanderson/ZTM_CompleteREACT/crwn-clothing/client/src/pages/collection/collection.container.jsx": {"path":"/Users/elwynanderson/ZTM_CompleteREACT/crwn-clothing/client/src/pages/collection/collection.container.jsx","statementMap":{"0":{"start":{"line":10,"column":24},"end":{"line":12,"column":2}},"1":{"start":{"line":11,"column":24},"end":{"line":11,"column":57}},"2":{"start":{"line":14,"column":32},"end":{"line":17,"column":17}}},"fnMap":{"0":{"name":"(anonymous_0)","decl":{"start":{"line":11,"column":15},"end":{"line":11,"column":16}},"loc":{"start":{"line":11,"column":24},"end":{"line":11,"column":57}},"line":11}},"branchMap":{},"s":{"0":0,"1":0,"2":0},"f":{"0":0},"b":{}}
,"/Users/elwynanderson/ZTM_CompleteREACT/crwn-clothing/client/src/pages/homepage/homepage.component.jsx": {"path":"/Users/elwynanderson/ZTM_CompleteREACT/crwn-clothing/client/src/pages/homepage/homepage.component.jsx","statementMap":{"0":{"start":{"line":7,"column":17},"end":{"line":12,"column":1}},"1":{"start":{"line":8,"column":4},"end":{"line":10,"column":24}}},"fnMap":{"0":{"name":"(anonymous_0)","decl":{"start":{"line":7,"column":17},"end":{"line":7,"column":18}},"loc":{"start":{"line":8,"column":4},"end":{"line":10,"column":24}},"line":8}},"branchMap":{},"s":{"0":1,"1":1},"f":{"0":1},"b":{},"_coverageSchema":"1a1c01bbd47fc00a2c39e90264f33305004495a9","hash":"7afb03cb2cffeaac28dec68dec1753bada454fbc"}
,"/Users/elwynanderson/ZTM_CompleteREACT/crwn-clothing/client/src/pages/homepage/homepage.styles.jsx": {"path":"/Users/elwynanderson/ZTM_CompleteREACT/crwn-clothing/client/src/pages/homepage/homepage.styles.jsx","statementMap":{"0":{"start":{"line":3,"column":33},"end":{"line":8,"column":1}}},"fnMap":{},"branchMap":{},"s":{"0":1},"f":{},"b":{},"_coverageSchema":"1a1c01bbd47fc00a2c39e90264f33305004495a9","hash":"a4351060eb4d7c3d463991e73de34e3f5f31c445"}
,"/Users/elwynanderson/ZTM_CompleteREACT/crwn-clothing/client/src/pages/shop/shop.component.jsx": {"path":"/Users/elwynanderson/ZTM_CompleteREACT/crwn-clothing/client/src/pages/shop/shop.component.jsx","statementMap":{"0":{"start":{"line":12,"column":37},"end":{"line":13,"column":83}},"1":{"start":{"line":13,"column":4},"end":{"line":13,"column":82}},"2":{"start":{"line":14,"column":32},"end":{"line":15,"column":49}},"3":{"start":{"line":15,"column":4},"end":{"line":15,"column":48}},"4":{"start":{"line":17,"column":17},"end":{"line":37,"column":1}},"5":{"start":{"line":18,"column":4},"end":{"line":20,"column":32}},"6":{"start":{"line":19,"column":8},"end":{"line":19,"column":32}},"7":{"start":{"line":22,"column":4},"end":{"line":36,"column":6}},"8":{"start":{"line":39,"column":27},"end":{"line":41,"column":2}},"9":{"start":{"line":39,"column":40},"end":{"line":41,"column":1}},"10":{"start":{"line":40,"column":33},"end":{"line":40,"column":66}}},"fnMap":{"0":{"name":"(anonymous_0)","decl":{"start":{"line":12,"column":42},"end":{"line":12,"column":43}},"loc":{"start":{"line":13,"column":4},"end":{"line":13,"column":82}},"line":13},"1":{"name":"(anonymous_1)","decl":{"start":{"line":14,"column":37},"end":{"line":14,"column":38}},"loc":{"start":{"line":15,"column":4},"end":{"line":15,"column":48}},"line":15},"2":{"name":"(anonymous_2)","decl":{"start":{"line":17,"column":17},"end":{"line":17,"column":18}},"loc":{"start":{"line":17,"column":55},"end":{"line":37,"column":1}},"line":17},"3":{"name":"(anonymous_3)","decl":{"start":{"line":18,"column":14},"end":{"line":18,"column":15}},"loc":{"start":{"line":18,"column":20},"end":{"line":20,"column":5}},"line":18},"4":{"name":"(anonymous_4)","decl":{"start":{"line":39,"column":27},"end":{"line":39,"column":28}},"loc":{"start":{"line":39,"column":40},"end":{"line":41,"column":1}},"line":39},"5":{"name":"(anonymous_5)","decl":{"start":{"line":40,"column":27},"end":{"line":40,"column":28}},"loc":{"start":{"line":40,"column":33},"end":{"line":40,"column":66}},"line":40}},"branchMap":{},"s":{"0":0,"1":0,"2":0,"3":0,"4":0,"5":0,"6":0,"7":0,"8":0,"9":0,"10":0},"f":{"0":0,"1":0,"2":0,"3":0,"4":0,"5":0},"b":{}}
,"/Users/elwynanderson/ZTM_CompleteREACT/crwn-clothing/client/src/pages/sign-in-and-sign-up/sign-in-and-sign-up.component.jsx": {"path":"/Users/elwynanderson/ZTM_CompleteREACT/crwn-clothing/client/src/pages/sign-in-and-sign-up/sign-in-and-sign-up.component.jsx","statementMap":{"0":{"start":{"line":6,"column":28},"end":{"line":11,"column":1}},"1":{"start":{"line":7,"column":4},"end":{"line":10,"column":10}}},"fnMap":{"0":{"name":"(anonymous_0)","decl":{"start":{"line":6,"column":28},"end":{"line":6,"column":29}},"loc":{"start":{"line":7,"column":4},"end":{"line":10,"column":10}},"line":7}},"branchMap":{},"s":{"0":0,"1":0},"f":{"0":0},"b":{}}
,"/Users/elwynanderson/ZTM_CompleteREACT/crwn-clothing/client/src/redux/root-reducer.js": {"path":"/Users/elwynanderson/ZTM_CompleteREACT/crwn-clothing/client/src/redux/root-reducer.js","statementMap":{"0":{"start":{"line":10,"column":22},"end":{"line":14,"column":3}},"1":{"start":{"line":16,"column":22},"end":{"line":21,"column":4}}},"fnMap":{},"branchMap":{},"s":{"0":0,"1":0},"f":{},"b":{}}
,"/Users/elwynanderson/ZTM_CompleteREACT/crwn-clothing/client/src/redux/root-saga.js": {"path":"/Users/elwynanderson/ZTM_CompleteREACT/crwn-clothing/client/src/redux/root-saga.js","statementMap":{"0":{"start":{"line":8,"column":4},"end":{"line":8,"column":67}}},"fnMap":{"0":{"name":"rootSaga","decl":{"start":{"line":7,"column":25},"end":{"line":7,"column":33}},"loc":{"start":{"line":7,"column":36},"end":{"line":9,"column":1}},"line":7}},"branchMap":{},"s":{"0":0},"f":{"0":0},"b":{}}
,"/Users/elwynanderson/ZTM_CompleteREACT/crwn-clothing/client/src/redux/store.js": {"path":"/Users/elwynanderson/ZTM_CompleteREACT/crwn-clothing/client/src/redux/store.js","statementMap":{"0":{"start":{"line":9,"column":23},"end":{"line":9,"column":45}},"1":{"start":{"line":11,"column":20},"end":{"line":11,"column":36}},"2":{"start":{"line":13,"column":0},"end":{"line":15,"column":1}},"3":{"start":{"line":14,"column":4},"end":{"line":14,"column":29}},"4":{"start":{"line":17,"column":21},"end":{"line":17,"column":78}},"5":{"start":{"line":19,"column":0},"end":{"line":19,"column":29}},"6":{"start":{"line":21,"column":25},"end":{"line":21,"column":44}}},"fnMap":{},"branchMap":{"0":{"loc":{"start":{"line":13,"column":0},"end":{"line":15,"column":1}},"type":"if","locations":[{"start":{"line":13,"column":0},"end":{"line":15,"column":1}},{"start":{},"end":{}}],"line":13}},"s":{"0":0,"1":0,"2":0,"3":0,"4":0,"5":0,"6":0},"f":{},"b":{"0":[0,0]}}
,"/Users/elwynanderson/ZTM_CompleteREACT/crwn-clothing/client/src/redux/cart/cart.actions.js": {"path":"/Users/elwynanderson/ZTM_CompleteREACT/crwn-clothing/client/src/redux/cart/cart.actions.js","statementMap":{"0":{"start":{"line":3,"column":32},"end":{"line":5,"column":2}},"1":{"start":{"line":3,"column":39},"end":{"line":5,"column":1}},"2":{"start":{"line":7,"column":23},"end":{"line":10,"column":2}},"3":{"start":{"line":7,"column":32},"end":{"line":10,"column":1}},"4":{"start":{"line":12,"column":26},"end":{"line":15,"column":2}},"5":{"start":{"line":12,"column":35},"end":{"line":15,"column":1}},"6":{"start":{"line":17,"column":33},"end":{"line":20,"column":2}},"7":{"start":{"line":17,"column":42},"end":{"line":20,"column":1}},"8":{"start":{"line":22,"column":25},"end":{"line":24,"column":2}},"9":{"start":{"line":22,"column":32},"end":{"line":24,"column":1}}},"fnMap":{"0":{"name":"(anonymous_0)","decl":{"start":{"line":3,"column":32},"end":{"line":3,"column":33}},"loc":{"start":{"line":3,"column":39},"end":{"line":5,"column":1}},"line":3},"1":{"name":"(anonymous_1)","decl":{"start":{"line":7,"column":23},"end":{"line":7,"column":24}},"loc":{"start":{"line":7,"column":32},"end":{"line":10,"column":1}},"line":7},"2":{"name":"(anonymous_2)","decl":{"start":{"line":12,"column":26},"end":{"line":12,"column":27}},"loc":{"start":{"line":12,"column":35},"end":{"line":15,"column":1}},"line":12},"3":{"name":"(anonymous_3)","decl":{"start":{"line":17,"column":33},"end":{"line":17,"column":34}},"loc":{"start":{"line":17,"column":42},"end":{"line":20,"column":1}},"line":17},"4":{"name":"(anonymous_4)","decl":{"start":{"line":22,"column":25},"end":{"line":22,"column":26}},"loc":{"start":{"line":22,"column":32},"end":{"line":24,"column":1}},"line":22}},"branchMap":{},"s":{"0":2,"1":0,"2":2,"3":0,"4":2,"5":0,"6":2,"7":0,"8":2,"9":0},"f":{"0":0,"1":0,"2":0,"3":0,"4":0},"b":{},"_coverageSchema":"1a1c01bbd47fc00a2c39e90264f33305004495a9","hash":"8513a3a299ea78836c4541816806489f6f37ee0f"}
,"/Users/elwynanderson/ZTM_CompleteREACT/crwn-clothing/client/src/redux/cart/cart.reducer.js": {"path":"/Users/elwynanderson/ZTM_CompleteREACT/crwn-clothing/client/src/redux/cart/cart.reducer.js","statementMap":{"0":{"start":{"line":4,"column":22},"end":{"line":7,"column":1}},"1":{"start":{"line":9,"column":20},"end":{"line":41,"column":1}},"2":{"start":{"line":10,"column":4},"end":{"line":40,"column":5}},"3":{"start":{"line":12,"column":12},"end":{"line":15,"column":14}},"4":{"start":{"line":17,"column":12},"end":{"line":20,"column":14}},"5":{"start":{"line":22,"column":12},"end":{"line":25,"column":14}},"6":{"start":{"line":27,"column":12},"end":{"line":32,"column":14}},"7":{"start":{"line":30,"column":32},"end":{"line":30,"column":65}},"8":{"start":{"line":34,"column":12},"end":{"line":37,"column":14}},"9":{"start":{"line":39,"column":12},"end":{"line":39,"column":25}}},"fnMap":{"0":{"name":"(anonymous_0)","decl":{"start":{"line":9,"column":20},"end":{"line":9,"column":21}},"loc":{"start":{"line":9,"column":55},"end":{"line":41,"column":1}},"line":9},"1":{"name":"(anonymous_1)","decl":{"start":{"line":30,"column":20},"end":{"line":30,"column":21}},"loc":{"start":{"line":30,"column":32},"end":{"line":30,"column":65}},"line":30}},"branchMap":{"0":{"loc":{"start":{"line":9,"column":21},"end":{"line":9,"column":42}},"type":"default-arg","locations":[{"start":{"line":9,"column":29},"end":{"line":9,"column":42}}],"line":9},"1":{"loc":{"start":{"line":10,"column":4},"end":{"line":40,"column":5}},"type":"switch","locations":[{"start":{"line":11,"column":8},"end":{"line":15,"column":14}},{"start":{"line":16,"column":8},"end":{"line":20,"column":14}},{"start":{"line":21,"column":8},"end":{"line":25,"column":14}},{"start":{"line":26,"column":8},"end":{"line":32,"column":14}},{"start":{"line":33,"column":8},"end":{"line":37,"column":14}},{"start":{"line":38,"column":8},"end":{"line":39,"column":25}}],"line":10}},"s":{"0":0,"1":0,"2":0,"3":0,"4":0,"5":0,"6":0,"7":0,"8":0,"9":0},"f":{"0":0,"1":0},"b":{"0":[0],"1":[0,0,0,0,0,0]}}
,"/Users/elwynanderson/ZTM_CompleteREACT/crwn-clothing/client/src/redux/cart/cart.sagas.js": {"path":"/Users/elwynanderson/ZTM_CompleteREACT/crwn-clothing/client/src/redux/cart/cart.sagas.js","statementMap":{"0":{"start":{"line":7,"column":4},"end":{"line":7,"column":27}},"1":{"start":{"line":11,"column":4},"end":{"line":11,"column":75}},"2":{"start":{"line":15,"column":4},"end":{"line":15,"column":41}}},"fnMap":{"0":{"name":"clearCartOnSignOut","decl":{"start":{"line":6,"column":17},"end":{"line":6,"column":35}},"loc":{"start":{"line":6,"column":38},"end":{"line":8,"column":1}},"line":6},"1":{"name":"onSignOutSuccess","decl":{"start":{"line":10,"column":17},"end":{"line":10,"column":33}},"loc":{"start":{"line":10,"column":36},"end":{"line":12,"column":1}},"line":10},"2":{"name":"cartSagas","decl":{"start":{"line":14,"column":17},"end":{"line":14,"column":26}},"loc":{"start":{"line":14,"column":29},"end":{"line":16,"column":1}},"line":14}},"branchMap":{},"s":{"0":0,"1":0,"2":0},"f":{"0":0,"1":0,"2":0},"b":{}}
,"/Users/elwynanderson/ZTM_CompleteREACT/crwn-clothing/client/src/redux/cart/cart.selectors.js": {"path":"/Users/elwynanderson/ZTM_CompleteREACT/crwn-clothing/client/src/redux/cart/cart.selectors.js","statementMap":{"0":{"start":{"line":3,"column":19},"end":{"line":3,"column":38}},"1":{"start":{"line":3,"column":28},"end":{"line":3,"column":38}},"2":{"start":{"line":5,"column":31},"end":{"line":8,"column":1}},"3":{"start":{"line":7,"column":10},"end":{"line":7,"column":24}},"4":{"start":{"line":10,"column":32},"end":{"line":13,"column":3}},"5":{"start":{"line":12,"column":12},"end":{"line":12,"column":23}},"6":{"start":{"line":15,"column":36},"end":{"line":23,"column":1}},"7":{"start":{"line":18,"column":4},"end":{"line":22,"column":5}},"8":{"start":{"line":20,"column":8},"end":{"line":20,"column":47}},"9":{"start":{"line":25,"column":31},"end":{"line":33,"column":3}},"10":{"start":{"line":28,"column":6},"end":{"line":32,"column":7}},"11":{"start":{"line":30,"column":10},"end":{"line":30,"column":66}}},"fnMap":{"0":{"name":"(anonymous_0)","decl":{"start":{"line":3,"column":19},"end":{"line":3,"column":20}},"loc":{"start":{"line":3,"column":28},"end":{"line":3,"column":38}},"line":3},"1":{"name":"(anonymous_1)","decl":{"start":{"line":7,"column":2},"end":{"line":7,"column":3}},"loc":{"start":{"line":7,"column":10},"end":{"line":7,"column":24}},"line":7},"2":{"name":"(anonymous_2)","decl":{"start":{"line":12,"column":4},"end":{"line":12,"column":5}},"loc":{"start":{"line":12,"column":12},"end":{"line":12,"column":23}},"line":12},"3":{"name":"(anonymous_3)","decl":{"start":{"line":17,"column":2},"end":{"line":17,"column":3}},"loc":{"start":{"line":18,"column":4},"end":{"line":22,"column":5}},"line":18},"4":{"name":"(anonymous_4)","decl":{"start":{"line":19,"column":6},"end":{"line":19,"column":7}},"loc":{"start":{"line":20,"column":8},"end":{"line":20,"column":47}},"line":20},"5":{"name":"(anonymous_5)","decl":{"start":{"line":27,"column":4},"end":{"line":27,"column":5}},"loc":{"start":{"line":28,"column":6},"end":{"line":32,"column":7}},"line":28},"6":{"name":"(anonymous_6)","decl":{"start":{"line":29,"column":8},"end":{"line":29,"column":9}},"loc":{"start":{"line":30,"column":10},"end":{"line":30,"column":66}},"line":30}},"branchMap":{},"s":{"0":2,"1":0,"2":2,"3":0,"4":2,"5":0,"6":2,"7":0,"8":0,"9":2,"10":0,"11":0},"f":{"0":0,"1":0,"2":0,"3":0,"4":0,"5":0,"6":0},"b":{},"_coverageSchema":"1a1c01bbd47fc00a2c39e90264f33305004495a9","hash":"88fd8515ee84c69109460a83b05c094bfb0eda7c"}
,"/Users/elwynanderson/ZTM_CompleteREACT/crwn-clothing/client/src/redux/cart/cart.types.js": {"path":"/Users/elwynanderson/ZTM_CompleteREACT/crwn-clothing/client/src/redux/cart/cart.types.js","statementMap":{"0":{"start":{"line":1,"column":24},"end":{"line":7,"column":1}}},"fnMap":{},"branchMap":{},"s":{"0":2},"f":{},"b":{},"_coverageSchema":"1a1c01bbd47fc00a2c39e90264f33305004495a9","hash":"aa99633ec11ef71d09ed0aca28ce471fc24fe14f"}
,"/Users/elwynanderson/ZTM_CompleteREACT/crwn-clothing/client/src/redux/cart/cart.utils.js": {"path":"/Users/elwynanderson/ZTM_CompleteREACT/crwn-clothing/client/src/redux/cart/cart.utils.js","statementMap":{"0":{"start":{"line":1,"column":29},"end":{"line":15,"column":3}},"1":{"start":{"line":2,"column":29},"end":{"line":4,"column":5}},"2":{"start":{"line":3,"column":18},"end":{"line":3,"column":50}},"3":{"start":{"line":6,"column":4},"end":{"line":12,"column":5}},"4":{"start":{"line":7,"column":6},"end":{"line":11,"column":8}},"5":{"start":{"line":8,"column":8},"end":{"line":10,"column":20}},"6":{"start":{"line":14,"column":4},"end":{"line":14,"column":61}},"7":{"start":{"line":17,"column":36},"end":{"line":31,"column":3}},"8":{"start":{"line":18,"column":29},"end":{"line":20,"column":5}},"9":{"start":{"line":19,"column":18},"end":{"line":19,"column":53}},"10":{"start":{"line":22,"column":4},"end":{"line":24,"column":5}},"11":{"start":{"line":23,"column":6},"end":{"line":23,"column":79}},"12":{"start":{"line":23,"column":42},"end":{"line":23,"column":77}},"13":{"start":{"line":26,"column":4},"end":{"line":30,"column":6}},"14":{"start":{"line":27,"column":6},"end":{"line":29,"column":18}}},"fnMap":{"0":{"name":"(anonymous_0)","decl":{"start":{"line":1,"column":29},"end":{"line":1,"column":30}},"loc":{"start":{"line":1,"column":59},"end":{"line":15,"column":3}},"line":1},"1":{"name":"(anonymous_1)","decl":{"start":{"line":3,"column":6},"end":{"line":3,"column":7}},"loc":{"start":{"line":3,"column":18},"end":{"line":3,"column":50}},"line":3},"2":{"name":"(anonymous_2)","decl":{"start":{"line":7,"column":27},"end":{"line":7,"column":28}},"loc":{"start":{"line":8,"column":8},"end":{"line":10,"column":20}},"line":8},"3":{"name":"(anonymous_3)","decl":{"start":{"line":17,"column":36},"end":{"line":17,"column":37}},"loc":{"start":{"line":17,"column":69},"end":{"line":31,"column":3}},"line":17},"4":{"name":"(anonymous_4)","decl":{"start":{"line":19,"column":6},"end":{"line":19,"column":7}},"loc":{"start":{"line":19,"column":18},"end":{"line":19,"column":53}},"line":19},"5":{"name":"(anonymous_5)","decl":{"start":{"line":23,"column":30},"end":{"line":23,"column":31}},"loc":{"start":{"line":23,"column":42},"end":{"line":23,"column":77}},"line":23},"6":{"name":"(anonymous_6)","decl":{"start":{"line":26,"column":25},"end":{"line":26,"column":26}},"loc":{"start":{"line":27,"column":6},"end":{"line":29,"column":18}},"line":27}},"branchMap":{"0":{"loc":{"start":{"line":6,"column":4},"end":{"line":12,"column":5}},"type":"if","locations":[{"start":{"line":6,"column":4},"end":{"line":12,"column":5}},{"start":{},"end":{}}],"line":6},"1":{"loc":{"start":{"line":8,"column":8},"end":{"line":10,"column":20}},"type":"cond-expr","locations":[{"start":{"line":9,"column":12},"end":{"line":9,"column":60}},{"start":{"line":10,"column":12},"end":{"line":10,"column":20}}],"line":8},"2":{"loc":{"start":{"line":22,"column":4},"end":{"line":24,"column":5}},"type":"if","locations":[{"start":{"line":22,"column":4},"end":{"line":24,"column":5}},{"start":{},"end":{}}],"line":22},"3":{"loc":{"start":{"line":27,"column":6},"end":{"line":29,"column":18}},"type":"cond-expr","locations":[{"start":{"line":28,"column":10},"end":{"line":28,"column":58}},{"start":{"line":29,"column":10},"end":{"line":29,"column":18}}],"line":27}},"s":{"0":0,"1":0,"2":0,"3":0,"4":0,"5":0,"6":0,"7":0,"8":0,"9":0,"10":0,"11":0,"12":0,"13":0,"14":0},"f":{"0":0,"1":0,"2":0,"3":0,"4":0,"5":0,"6":0},"b":{"0":[0,0],"1":[0,0],"2":[0,0],"3":[0,0]}}
,"/Users/elwynanderson/ZTM_CompleteREACT/crwn-clothing/client/src/redux/directory/directory.reducer.js": {"path":"/Users/elwynanderson/ZTM_CompleteREACT/crwn-clothing/client/src/redux/directory/directory.reducer.js","statementMap":{"0":{"start":{"line":1,"column":22},"end":{"line":36,"column":3}},"1":{"start":{"line":38,"column":27},"end":{"line":43,"column":3}},"2":{"start":{"line":39,"column":4},"end":{"line":42,"column":5}},"3":{"start":{"line":41,"column":8},"end":{"line":41,"column":21}}},"fnMap":{"0":{"name":"(anonymous_0)","decl":{"start":{"line":38,"column":27},"end":{"line":38,"column":28}},"loc":{"start":{"line":38,"column":62},"end":{"line":43,"column":3}},"line":38}},"branchMap":{"0":{"loc":{"start":{"line":38,"column":28},"end":{"line":38,"column":49}},"type":"default-arg","locations":[{"start":{"line":38,"column":36},"end":{"line":38,"column":49}}],"line":38},"1":{"loc":{"start":{"line":39,"column":4},"end":{"line":42,"column":5}},"type":"switch","locations":[{"start":{"line":40,"column":6},"end":{"line":41,"column":21}}],"line":39}},"s":{"0":0,"1":0,"2":0,"3":0},"f":{"0":0},"b":{"0":[0],"1":[0]}}
,"/Users/elwynanderson/ZTM_CompleteREACT/crwn-clothing/client/src/redux/directory/directory.selectors.js": {"path":"/Users/elwynanderson/ZTM_CompleteREACT/crwn-clothing/client/src/redux/directory/directory.selectors.js","statementMap":{"0":{"start":{"line":3,"column":24},"end":{"line":3,"column":48}},"1":{"start":{"line":3,"column":33},"end":{"line":3,"column":48}},"2":{"start":{"line":5,"column":39},"end":{"line":8,"column":1}},"3":{"start":{"line":7,"column":15},"end":{"line":7,"column":33}}},"fnMap":{"0":{"name":"(anonymous_0)","decl":{"start":{"line":3,"column":24},"end":{"line":3,"column":25}},"loc":{"start":{"line":3,"column":33},"end":{"line":3,"column":48}},"line":3},"1":{"name":"(anonymous_1)","decl":{"start":{"line":7,"column":2},"end":{"line":7,"column":3}},"loc":{"start":{"line":7,"column":15},"end":{"line":7,"column":33}},"line":7}},"branchMap":{},"s":{"0":2,"1":0,"2":2,"3":0},"f":{"0":0,"1":0},"b":{},"_coverageSchema":"1a1c01bbd47fc00a2c39e90264f33305004495a9","hash":"454700fbf077fd25a609375101a6377c5ed16170"}
,"/Users/elwynanderson/ZTM_CompleteREACT/crwn-clothing/client/src/redux/shop/shop.actions.js": {"path":"/Users/elwynanderson/ZTM_CompleteREACT/crwn-clothing/client/src/redux/shop/shop.actions.js","statementMap":{"0":{"start":{"line":5,"column":37},"end":{"line":7,"column":2}},"1":{"start":{"line":5,"column":44},"end":{"line":7,"column":1}},"2":{"start":{"line":9,"column":39},"end":{"line":12,"column":2}},"3":{"start":{"line":9,"column":58},"end":{"line":12,"column":1}},"4":{"start":{"line":14,"column":39},"end":{"line":17,"column":2}},"5":{"start":{"line":14,"column":56},"end":{"line":17,"column":1}},"6":{"start":{"line":19,"column":42},"end":{"line":29,"column":1}},"7":{"start":{"line":20,"column":4},"end":{"line":28,"column":5}},"8":{"start":{"line":21,"column":30},"end":{"line":21,"column":65}},"9":{"start":{"line":22,"column":8},"end":{"line":22,"column":42}},"10":{"start":{"line":24,"column":8},"end":{"line":27,"column":76}},"11":{"start":{"line":25,"column":35},"end":{"line":25,"column":76}},"12":{"start":{"line":26,"column":12},"end":{"line":26,"column":62}},"13":{"start":{"line":27,"column":26},"end":{"line":27,"column":74}}},"fnMap":{"0":{"name":"(anonymous_0)","decl":{"start":{"line":5,"column":37},"end":{"line":5,"column":38}},"loc":{"start":{"line":5,"column":44},"end":{"line":7,"column":1}},"line":5},"1":{"name":"(anonymous_1)","decl":{"start":{"line":9,"column":39},"end":{"line":9,"column":40}},"loc":{"start":{"line":9,"column":58},"end":{"line":12,"column":1}},"line":9},"2":{"name":"(anonymous_2)","decl":{"start":{"line":14,"column":39},"end":{"line":14,"column":40}},"loc":{"start":{"line":14,"column":56},"end":{"line":17,"column":1}},"line":14},"3":{"name":"(anonymous_3)","decl":{"start":{"line":19,"column":42},"end":{"line":19,"column":43}},"loc":{"start":{"line":19,"column":48},"end":{"line":29,"column":1}},"line":19},"4":{"name":"(anonymous_4)","decl":{"start":{"line":20,"column":11},"end":{"line":20,"column":12}},"loc":{"start":{"line":20,"column":23},"end":{"line":28,"column":5}},"line":20},"5":{"name":"(anonymous_5)","decl":{"start":{"line":24,"column":33},"end":{"line":24,"column":34}},"loc":{"start":{"line":24,"column":45},"end":{"line":27,"column":9}},"line":24},"6":{"name":"(anonymous_6)","decl":{"start":{"line":27,"column":17},"end":{"line":27,"column":18}},"loc":{"start":{"line":27,"column":26},"end":{"line":27,"column":74}},"line":27}},"branchMap":{},"s":{"0":0,"1":0,"2":0,"3":0,"4":0,"5":0,"6":0,"7":0,"8":0,"9":0,"10":0,"11":0,"12":0,"13":0},"f":{"0":0,"1":0,"2":0,"3":0,"4":0,"5":0,"6":0},"b":{}}
,"/Users/elwynanderson/ZTM_CompleteREACT/crwn-clothing/client/src/redux/shop/shop.reducer.js": {"path":"/Users/elwynanderson/ZTM_CompleteREACT/crwn-clothing/client/src/redux/shop/shop.reducer.js","statementMap":{"0":{"start":{"line":4,"column":22},"end":{"line":8,"column":1}},"1":{"start":{"line":10,"column":20},"end":{"line":32,"column":1}},"2":{"start":{"line":11,"column":2},"end":{"line":31,"column":3}},"3":{"start":{"line":13,"column":6},"end":{"line":16,"column":8}},"4":{"start":{"line":18,"column":6},"end":{"line":22,"column":8}},"5":{"start":{"line":24,"column":6},"end":{"line":28,"column":7}},"6":{"start":{"line":30,"column":6},"end":{"line":30,"column":19}}},"fnMap":{"0":{"name":"(anonymous_0)","decl":{"start":{"line":10,"column":20},"end":{"line":10,"column":21}},"loc":{"start":{"line":10,"column":55},"end":{"line":32,"column":1}},"line":10}},"branchMap":{"0":{"loc":{"start":{"line":10,"column":21},"end":{"line":10,"column":42}},"type":"default-arg","locations":[{"start":{"line":10,"column":29},"end":{"line":10,"column":42}}],"line":10},"1":{"loc":{"start":{"line":11,"column":2},"end":{"line":31,"column":3}},"type":"switch","locations":[{"start":{"line":12,"column":4},"end":{"line":16,"column":8}},{"start":{"line":17,"column":4},"end":{"line":22,"column":8}},{"start":{"line":23,"column":4},"end":{"line":28,"column":7}},{"start":{"line":29,"column":4},"end":{"line":30,"column":19}}],"line":11}},"s":{"0":0,"1":0,"2":0,"3":0,"4":0,"5":0,"6":0},"f":{"0":0},"b":{"0":[0],"1":[0,0,0,0]}}
,"/Users/elwynanderson/ZTM_CompleteREACT/crwn-clothing/client/src/redux/shop/shop.sagas.js": {"path":"/Users/elwynanderson/ZTM_CompleteREACT/crwn-clothing/client/src/redux/shop/shop.sagas.js","statementMap":{"0":{"start":{"line":13,"column":4},"end":{"line":20,"column":5}},"1":{"start":{"line":14,"column":30},"end":{"line":14,"column":65}},"2":{"start":{"line":15,"column":25},"end":{"line":15,"column":50}},"3":{"start":{"line":16,"column":31},"end":{"line":16,"column":84}},"4":{"start":{"line":17,"column":8},"end":{"line":17,"column":59}},"5":{"start":{"line":19,"column":8},"end":{"line":19,"column":58}},"6":{"start":{"line":24,"column":4},"end":{"line":27,"column":6}},"7":{"start":{"line":31,"column":4},"end":{"line":31,"column":45}}},"fnMap":{"0":{"name":"fetchCollectionsAsync","decl":{"start":{"line":12,"column":17},"end":{"line":12,"column":38}},"loc":{"start":{"line":12,"column":41},"end":{"line":21,"column":1}},"line":12},"1":{"name":"fetchCollectionsStart","decl":{"start":{"line":23,"column":17},"end":{"line":23,"column":38}},"loc":{"start":{"line":23,"column":41},"end":{"line":28,"column":1}},"line":23},"2":{"name":"shopSagas","decl":{"start":{"line":30,"column":17},"end":{"line":30,"column":26}},"loc":{"start":{"line":30,"column":29},"end":{"line":32,"column":1}},"line":30}},"branchMap":{},"s":{"0":0,"1":0,"2":0,"3":0,"4":0,"5":0,"6":0,"7":0},"f":{"0":0,"1":0,"2":0},"b":{}}
,"/Users/elwynanderson/ZTM_CompleteREACT/crwn-clothing/client/src/redux/shop/shop.selectors.js": {"path":"/Users/elwynanderson/ZTM_CompleteREACT/crwn-clothing/client/src/redux/shop/shop.selectors.js","statementMap":{"0":{"start":{"line":4,"column":19},"end":{"line":4,"column":38}},"1":{"start":{"line":4,"column":28},"end":{"line":4,"column":38}},"2":{"start":{"line":6,"column":33},"end":{"line":9,"column":1}},"3":{"start":{"line":8,"column":10},"end":{"line":8,"column":26}},"4":{"start":{"line":11,"column":43},"end":{"line":15,"column":1}},"5":{"start":{"line":13,"column":17},"end":{"line":14,"column":62}},"6":{"start":{"line":14,"column":40},"end":{"line":14,"column":56}},"7":{"start":{"line":17,"column":32},"end":{"line":21,"column":3}},"8":{"start":{"line":18,"column":2},"end":{"line":21,"column":3}},"9":{"start":{"line":20,"column":20},"end":{"line":20,"column":72}},"10":{"start":{"line":23,"column":42},"end":{"line":26,"column":1}},"11":{"start":{"line":25,"column":10},"end":{"line":25,"column":25}},"12":{"start":{"line":28,"column":41},"end":{"line":31,"column":1}},"13":{"start":{"line":30,"column":10},"end":{"line":30,"column":28}}},"fnMap":{"0":{"name":"(anonymous_0)","decl":{"start":{"line":4,"column":19},"end":{"line":4,"column":20}},"loc":{"start":{"line":4,"column":28},"end":{"line":4,"column":38}},"line":4},"1":{"name":"(anonymous_1)","decl":{"start":{"line":8,"column":2},"end":{"line":8,"column":3}},"loc":{"start":{"line":8,"column":10},"end":{"line":8,"column":26}},"line":8},"2":{"name":"(anonymous_2)","decl":{"start":{"line":13,"column":2},"end":{"line":13,"column":3}},"loc":{"start":{"line":13,"column":17},"end":{"line":14,"column":62}},"line":13},"3":{"name":"(anonymous_3)","decl":{"start":{"line":14,"column":33},"end":{"line":14,"column":34}},"loc":{"start":{"line":14,"column":40},"end":{"line":14,"column":56}},"line":14},"4":{"name":"(anonymous_4)","decl":{"start":{"line":17,"column":32},"end":{"line":17,"column":33}},"loc":{"start":{"line":18,"column":2},"end":{"line":21,"column":3}},"line":18},"5":{"name":"(anonymous_5)","decl":{"start":{"line":20,"column":4},"end":{"line":20,"column":5}},"loc":{"start":{"line":20,"column":20},"end":{"line":20,"column":72}},"line":20},"6":{"name":"(anonymous_6)","decl":{"start":{"line":25,"column":2},"end":{"line":25,"column":3}},"loc":{"start":{"line":25,"column":10},"end":{"line":25,"column":25}},"line":25},"7":{"name":"(anonymous_7)","decl":{"start":{"line":30,"column":2},"end":{"line":30,"column":3}},"loc":{"start":{"line":30,"column":10},"end":{"line":30,"column":28}},"line":30}},"branchMap":{"0":{"loc":{"start":{"line":13,"column":17},"end":{"line":14,"column":62}},"type":"cond-expr","locations":[{"start":{"line":14,"column":4},"end":{"line":14,"column":57}},{"start":{"line":14,"column":60},"end":{"line":14,"column":62}}],"line":13},"1":{"loc":{"start":{"line":20,"column":20},"end":{"line":20,"column":72}},"type":"cond-expr","locations":[{"start":{"line":20,"column":34},"end":{"line":20,"column":65}},{"start":{"line":20,"column":68},"end":{"line":20,"column":72}}],"line":20}},"s":{"0":0,"1":0,"2":0,"3":0,"4":0,"5":0,"6":0,"7":0,"8":0,"9":0,"10":0,"11":0,"12":0,"13":0},"f":{"0":0,"1":0,"2":0,"3":0,"4":0,"5":0,"6":0,"7":0},"b":{"0":[0,0],"1":[0,0]}}
,"/Users/elwynanderson/ZTM_CompleteREACT/crwn-clothing/client/src/redux/shop/shop.types.js": {"path":"/Users/elwynanderson/ZTM_CompleteREACT/crwn-clothing/client/src/redux/shop/shop.types.js","statementMap":{"0":{"start":{"line":1,"column":24},"end":{"line":5,"column":1}}},"fnMap":{},"branchMap":{},"s":{"0":0},"f":{},"b":{}}
,"/Users/elwynanderson/ZTM_CompleteREACT/crwn-clothing/client/src/redux/user/user.actions.js": {"path":"/Users/elwynanderson/ZTM_CompleteREACT/crwn-clothing/client/src/redux/user/user.actions.js","statementMap":{"0":{"start":{"line":3,"column":33},"end":{"line":5,"column":2}},"1":{"start":{"line":3,"column":40},"end":{"line":5,"column":1}},"2":{"start":{"line":7,"column":29},"end":{"line":10,"column":2}},"3":{"start":{"line":7,"column":38},"end":{"line":10,"column":1}},"4":{"start":{"line":12,"column":29},"end":{"line":15,"column":2}},"5":{"start":{"line":12,"column":39},"end":{"line":15,"column":1}},"6":{"start":{"line":17,"column":32},"end":{"line":20,"column":2}},"7":{"start":{"line":17,"column":53},"end":{"line":20,"column":1}},"8":{"start":{"line":22,"column":32},"end":{"line":24,"column":2}},"9":{"start":{"line":22,"column":39},"end":{"line":24,"column":1}},"10":{"start":{"line":26,"column":28},"end":{"line":28,"column":2}},"11":{"start":{"line":26,"column":35},"end":{"line":28,"column":1}},"12":{"start":{"line":30,"column":30},"end":{"line":32,"column":2}},"13":{"start":{"line":30,"column":37},"end":{"line":32,"column":1}},"14":{"start":{"line":34,"column":30},"end":{"line":37,"column":2}},"15":{"start":{"line":34,"column":42},"end":{"line":37,"column":1}},"16":{"start":{"line":39,"column":27},"end":{"line":42,"column":2}},"17":{"start":{"line":39,"column":49},"end":{"line":42,"column":1}},"18":{"start":{"line":44,"column":29},"end":{"line":47,"column":2}},"19":{"start":{"line":44,"column":60},"end":{"line":47,"column":1}},"20":{"start":{"line":49,"column":29},"end":{"line":52,"column":2}},"21":{"start":{"line":49,"column":41},"end":{"line":52,"column":1}}},"fnMap":{"0":{"name":"(anonymous_0)","decl":{"start":{"line":3,"column":33},"end":{"line":3,"column":34}},"loc":{"start":{"line":3,"column":40},"end":{"line":5,"column":1}},"line":3},"1":{"name":"(anonymous_1)","decl":{"start":{"line":7,"column":29},"end":{"line":7,"column":30}},"loc":{"start":{"line":7,"column":38},"end":{"line":10,"column":1}},"line":7},"2":{"name":"(anonymous_2)","decl":{"start":{"line":12,"column":29},"end":{"line":12,"column":30}},"loc":{"start":{"line":12,"column":39},"end":{"line":15,"column":1}},"line":12},"3":{"name":"(anonymous_3)","decl":{"start":{"line":17,"column":32},"end":{"line":17,"column":33}},"loc":{"start":{"line":17,"column":53},"end":{"line":20,"column":1}},"line":17},"4":{"name":"(anonymous_4)","decl":{"start":{"line":22,"column":32},"end":{"line":22,"column":33}},"loc":{"start":{"line":22,"column":39},"end":{"line":24,"column":1}},"line":22},"5":{"name":"(anonymous_5)","decl":{"start":{"line":26,"column":28},"end":{"line":26,"column":29}},"loc":{"start":{"line":26,"column":35},"end":{"line":28,"column":1}},"line":26},"6":{"name":"(anonymous_6)","decl":{"start":{"line":30,"column":30},"end":{"line":30,"column":31}},"loc":{"start":{"line":30,"column":37},"end":{"line":32,"column":1}},"line":30},"7":{"name":"(anonymous_7)","decl":{"start":{"line":34,"column":30},"end":{"line":34,"column":31}},"loc":{"start":{"line":34,"column":42},"end":{"line":37,"column":1}},"line":34},"8":{"name":"(anonymous_8)","decl":{"start":{"line":39,"column":27},"end":{"line":39,"column":28}},"loc":{"start":{"line":39,"column":49},"end":{"line":42,"column":1}},"line":39},"9":{"name":"(anonymous_9)","decl":{"start":{"line":44,"column":29},"end":{"line":44,"column":30}},"loc":{"start":{"line":44,"column":60},"end":{"line":47,"column":1}},"line":44},"10":{"name":"(anonymous_10)","decl":{"start":{"line":49,"column":29},"end":{"line":49,"column":30}},"loc":{"start":{"line":49,"column":41},"end":{"line":52,"column":1}},"line":49}},"branchMap":{},"s":{"0":2,"1":0,"2":2,"3":0,"4":2,"5":0,"6":2,"7":0,"8":2,"9":0,"10":2,"11":0,"12":2,"13":0,"14":2,"15":0,"16":2,"17":0,"18":2,"19":0,"20":2,"21":0},"f":{"0":0,"1":0,"2":0,"3":0,"4":0,"5":0,"6":0,"7":0,"8":0,"9":0,"10":0},"b":{},"_coverageSchema":"1a1c01bbd47fc00a2c39e90264f33305004495a9","hash":"7740e081617957ad3a98cb6455439968ccff915c"}
,"/Users/elwynanderson/ZTM_CompleteREACT/crwn-clothing/client/src/redux/user/user.reducer.js": {"path":"/Users/elwynanderson/ZTM_CompleteREACT/crwn-clothing/client/src/redux/user/user.reducer.js","statementMap":{"0":{"start":{"line":3,"column":22},"end":{"line":6,"column":1}},"1":{"start":{"line":8,"column":20},"end":{"line":33,"column":1}},"2":{"start":{"line":9,"column":4},"end":{"line":32,"column":5}},"3":{"start":{"line":11,"column":12},"end":{"line":15,"column":14}},"4":{"start":{"line":17,"column":12},"end":{"line":21,"column":14}},"5":{"start":{"line":25,"column":12},"end":{"line":28,"column":13}},"6":{"start":{"line":31,"column":12},"end":{"line":31,"column":25}}},"fnMap":{"0":{"name":"(anonymous_0)","decl":{"start":{"line":8,"column":20},"end":{"line":8,"column":21}},"loc":{"start":{"line":8,"column":55},"end":{"line":33,"column":1}},"line":8}},"branchMap":{"0":{"loc":{"start":{"line":8,"column":21},"end":{"line":8,"column":42}},"type":"default-arg","locations":[{"start":{"line":8,"column":29},"end":{"line":8,"column":42}}],"line":8},"1":{"loc":{"start":{"line":9,"column":4},"end":{"line":32,"column":5}},"type":"switch","locations":[{"start":{"line":10,"column":8},"end":{"line":15,"column":14}},{"start":{"line":16,"column":8},"end":{"line":21,"column":14}},{"start":{"line":22,"column":8},"end":{"line":22,"column":45}},{"start":{"line":23,"column":8},"end":{"line":23,"column":46}},{"start":{"line":24,"column":8},"end":{"line":28,"column":13}},{"start":{"line":30,"column":8},"end":{"line":31,"column":25}}],"line":9}},"s":{"0":0,"1":0,"2":0,"3":0,"4":0,"5":0,"6":0},"f":{"0":0},"b":{"0":[0],"1":[0,0,0,0,0,0]}}
,"/Users/elwynanderson/ZTM_CompleteREACT/crwn-clothing/client/src/redux/user/user.sagas.js": {"path":"/Users/elwynanderson/ZTM_CompleteREACT/crwn-clothing/client/src/redux/user/user.sagas.js","statementMap":{"0":{"start":{"line":22,"column":4},"end":{"line":30,"column":5}},"1":{"start":{"line":23,"column":20},"end":{"line":23,"column":83}},"2":{"start":{"line":24,"column":25},"end":{"line":24,"column":44}},"3":{"start":{"line":25,"column":4},"end":{"line":27,"column":6}},"4":{"start":{"line":29,"column":4},"end":{"line":29,"column":36}},"5":{"start":{"line":34,"column":4},"end":{"line":39,"column":5}},"6":{"start":{"line":35,"column":25},"end":{"line":35,"column":67}},"7":{"start":{"line":36,"column":8},"end":{"line":36,"column":44}},"8":{"start":{"line":38,"column":8},"end":{"line":38,"column":40}},"9":{"start":{"line":43,"column":4},"end":{"line":48,"column":5}},"10":{"start":{"line":44,"column":25},"end":{"line":44,"column":79}},"11":{"start":{"line":45,"column":8},"end":{"line":45,"column":44}},"12":{"start":{"line":47,"column":8},"end":{"line":47,"column":40}},"13":{"start":{"line":52,"column":4},"end":{"line":58,"column":5}},"14":{"start":{"line":53,"column":25},"end":{"line":53,"column":47}},"15":{"start":{"line":54,"column":8},"end":{"line":54,"column":30}},"16":{"start":{"line":54,"column":23},"end":{"line":54,"column":30}},"17":{"start":{"line":55,"column":8},"end":{"line":55,"column":48}},"18":{"start":{"line":57,"column":8},"end":{"line":57,"column":40}},"19":{"start":{"line":62,"column":4},"end":{"line":67,"column":5}},"20":{"start":{"line":63,"column":8},"end":{"line":63,"column":29}},"21":{"start":{"line":64,"column":8},"end":{"line":64,"column":36}},"22":{"start":{"line":66,"column":8},"end":{"line":66,"column":41}},"23":{"start":{"line":71,"column":4},"end":{"line":79,"column":5}},"24":{"start":{"line":72,"column":25},"end":{"line":75,"column":9}},"25":{"start":{"line":76,"column":8},"end":{"line":76,"column":76}},"26":{"start":{"line":78,"column":8},"end":{"line":78,"column":40}},"27":{"start":{"line":83,"column":4},"end":{"line":83,"column":56}},"28":{"start":{"line":87,"column":4},"end":{"line":87,"column":77}},"29":{"start":{"line":91,"column":4},"end":{"line":91,"column":75}},"30":{"start":{"line":95,"column":4},"end":{"line":95,"column":78}},"31":{"start":{"line":99,"column":4},"end":{"line":99,"column":62}},"32":{"start":{"line":103,"column":4},"end":{"line":103,"column":60}},"33":{"start":{"line":107,"column":4},"end":{"line":107,"column":73}},"34":{"start":{"line":111,"column":4},"end":{"line":118,"column":7}}},"fnMap":{"0":{"name":"getSnapshotFromUserAuth","decl":{"start":{"line":21,"column":17},"end":{"line":21,"column":40}},"loc":{"start":{"line":21,"column":67},"end":{"line":31,"column":1}},"line":21},"1":{"name":"signInWithGoogle","decl":{"start":{"line":33,"column":17},"end":{"line":33,"column":33}},"loc":{"start":{"line":33,"column":36},"end":{"line":40,"column":1}},"line":33},"2":{"name":"signInWithEmail","decl":{"start":{"line":42,"column":17},"end":{"line":42,"column":32}},"loc":{"start":{"line":42,"column":67},"end":{"line":49,"column":1}},"line":42},"3":{"name":"isUserAuthenticated","decl":{"start":{"line":51,"column":17},"end":{"line":51,"column":36}},"loc":{"start":{"line":51,"column":39},"end":{"line":59,"column":1}},"line":51},"4":{"name":"signOut","decl":{"start":{"line":61,"column":17},"end":{"line":61,"column":24}},"loc":{"start":{"line":61,"column":27},"end":{"line":68,"column":1}},"line":61},"5":{"name":"signUp","decl":{"start":{"line":70,"column":17},"end":{"line":70,"column":23}},"loc":{"start":{"line":70,"column":69},"end":{"line":80,"column":1}},"line":70},"6":{"name":"signInAfterSignUp","decl":{"start":{"line":82,"column":17},"end":{"line":82,"column":34}},"loc":{"start":{"line":82,"column":71},"end":{"line":84,"column":1}},"line":82},"7":{"name":"onGoogleSignInStart","decl":{"start":{"line":86,"column":17},"end":{"line":86,"column":36}},"loc":{"start":{"line":86,"column":39},"end":{"line":88,"column":1}},"line":86},"8":{"name":"onEmailSignInStart","decl":{"start":{"line":90,"column":17},"end":{"line":90,"column":35}},"loc":{"start":{"line":90,"column":38},"end":{"line":92,"column":1}},"line":90},"9":{"name":"onCheckUserSession","decl":{"start":{"line":94,"column":17},"end":{"line":94,"column":35}},"loc":{"start":{"line":94,"column":38},"end":{"line":96,"column":1}},"line":94},"10":{"name":"onSignOutStart","decl":{"start":{"line":98,"column":17},"end":{"line":98,"column":31}},"loc":{"start":{"line":98,"column":34},"end":{"line":100,"column":1}},"line":98},"11":{"name":"onSignUpStart","decl":{"start":{"line":102,"column":17},"end":{"line":102,"column":30}},"loc":{"start":{"line":102,"column":33},"end":{"line":104,"column":1}},"line":102},"12":{"name":"onSignUpSuccess","decl":{"start":{"line":106,"column":17},"end":{"line":106,"column":32}},"loc":{"start":{"line":106,"column":35},"end":{"line":108,"column":1}},"line":106},"13":{"name":"userSagas","decl":{"start":{"line":110,"column":17},"end":{"line":110,"column":26}},"loc":{"start":{"line":110,"column":29},"end":{"line":119,"column":1}},"line":110}},"branchMap":{"0":{"loc":{"start":{"line":54,"column":8},"end":{"line":54,"column":30}},"type":"if","locations":[{"start":{"line":54,"column":8},"end":{"line":54,"column":30}},{"start":{},"end":{}}],"line":54}},"s":{"0":0,"1":0,"2":0,"3":0,"4":0,"5":0,"6":0,"7":0,"8":0,"9":0,"10":0,"11":0,"12":0,"13":0,"14":0,"15":0,"16":0,"17":0,"18":0,"19":0,"20":0,"21":0,"22":0,"23":0,"24":0,"25":0,"26":0,"27":0,"28":0,"29":0,"30":0,"31":0,"32":0,"33":0,"34":0},"f":{"0":0,"1":0,"2":0,"3":0,"4":0,"5":0,"6":0,"7":0,"8":0,"9":0,"10":0,"11":0,"12":0,"13":0},"b":{"0":[0,0]}}
,"/Users/elwynanderson/ZTM_CompleteREACT/crwn-clothing/client/src/redux/user/user.selectors.jsx": {"path":"/Users/elwynanderson/ZTM_CompleteREACT/crwn-clothing/client/src/redux/user/user.selectors.jsx","statementMap":{"0":{"start":{"line":3,"column":19},"end":{"line":3,"column":38}},"1":{"start":{"line":3,"column":28},"end":{"line":3,"column":38}},"2":{"start":{"line":5,"column":33},"end":{"line":8,"column":1}},"3":{"start":{"line":7,"column":10},"end":{"line":7,"column":26}}},"fnMap":{"0":{"name":"(anonymous_0)","decl":{"start":{"line":3,"column":19},"end":{"line":3,"column":20}},"loc":{"start":{"line":3,"column":28},"end":{"line":3,"column":38}},"line":3},"1":{"name":"(anonymous_1)","decl":{"start":{"line":7,"column":2},"end":{"line":7,"column":3}},"loc":{"start":{"line":7,"column":10},"end":{"line":7,"column":26}},"line":7}},"branchMap":{},"s":{"0":2,"1":0,"2":2,"3":0},"f":{"0":0,"1":0},"b":{},"_coverageSchema":"1a1c01bbd47fc00a2c39e90264f33305004495a9","hash":"c1b59434442032884268d0c8edc7e076a437ecd3"}
,"/Users/elwynanderson/ZTM_CompleteREACT/crwn-clothing/client/src/redux/user/user.types.js": {"path":"/Users/elwynanderson/ZTM_CompleteREACT/crwn-clothing/client/src/redux/user/user.types.js","statementMap":{"0":{"start":{"line":1,"column":24},"end":{"line":14,"column":1}}},"fnMap":{},"branchMap":{},"s":{"0":2},"f":{},"b":{},"_coverageSchema":"1a1c01bbd47fc00a2c39e90264f33305004495a9","hash":"9ea036a1e6787ad1d4823f9733169caf61cf4364"}
}
